{"/home/travis/build/npmtest/node-npmtest-remarkable/test.js":{"path":"/home/travis/build/npmtest/node-npmtest-remarkable/test.js","s":{"1":2,"2":2,"3":2,"4":2,"5":2,"6":2,"7":2,"8":1,"9":2,"10":2,"11":1,"12":1,"13":1,"14":1,"15":2,"16":2,"17":2,"18":2,"19":1,"20":1,"21":2,"22":2,"23":2,"24":1,"25":1,"26":1,"27":1,"28":1,"29":1,"30":1,"31":1,"32":1,"33":1,"34":1,"35":1,"36":1,"37":1,"38":1,"39":2,"40":2,"41":1,"42":2,"43":2,"44":1,"45":2,"46":2,"47":1,"48":2,"49":2,"50":1,"51":1,"52":1,"53":1,"54":1},"b":{"1":[2,1,1,1],"2":[1,1,1,1],"3":[1,1],"4":[1,1],"5":[1,1],"6":[1,1],"7":[1,1],"8":[1,1],"9":[1,1],"10":[1,1,1],"11":[1,1],"12":[1,1],"13":[1,1],"14":[1,1],"15":[1,1],"16":[1,1],"17":[1,1]},"f":{"1":2,"2":2,"3":2,"4":2,"5":2,"6":1,"7":1,"8":1,"9":2,"10":2,"11":2,"12":2,"13":1},"fnMap":{"1":{"name":"(anonymous_1)","line":12,"loc":{"start":{"line":12,"column":1},"end":{"line":12,"column":13}}},"2":{"name":"(anonymous_2)","line":19,"loc":{"start":{"line":19,"column":5},"end":{"line":19,"column":17}}},"3":{"name":"(anonymous_3)","line":23,"loc":{"start":{"line":23,"column":24},"end":{"line":23,"column":36}}},"4":{"name":"(anonymous_4)","line":61,"loc":{"start":{"line":61,"column":5},"end":{"line":61,"column":17}}},"5":{"name":"(anonymous_5)","line":82,"loc":{"start":{"line":82,"column":5},"end":{"line":82,"column":17}}},"6":{"name":"(anonymous_6)","line":91,"loc":{"start":{"line":91,"column":77},"end":{"line":94,"column":10}}},"7":{"name":"(anonymous_7)","line":112,"loc":{"start":{"line":112,"column":83},"end":{"line":115,"column":10}},"skip":true},"8":{"name":"(anonymous_8)","line":123,"loc":{"start":{"line":123,"column":77},"end":{"line":126,"column":10}},"skip":true},"9":{"name":"(anonymous_9)","line":139,"loc":{"start":{"line":139,"column":12},"end":{"line":139,"column":40}},"skip":true},"10":{"name":"(anonymous_10)","line":147,"loc":{"start":{"line":147,"column":77},"end":{"line":150,"column":10}},"skip":true},"11":{"name":"(anonymous_11)","line":158,"loc":{"start":{"line":158,"column":83},"end":{"line":161,"column":10}},"skip":true},"12":{"name":"(anonymous_12)","line":169,"loc":{"start":{"line":169,"column":79},"end":{"line":172,"column":10}},"skip":true},"13":{"name":"(anonymous_13)","line":180,"loc":{"start":{"line":180,"column":75},"end":{"line":183,"column":10}},"skip":true}},"statementMap":{"1":{"start":{"line":12,"column":0},"end":{"line":195,"column":5}},"2":{"start":{"line":14,"column":4},"end":{"line":14,"column":14}},"3":{"start":{"line":19,"column":4},"end":{"line":56,"column":9}},"4":{"start":{"line":21,"column":8},"end":{"line":21,"column":19}},"5":{"start":{"line":23,"column":8},"end":{"line":35,"column":13}},"6":{"start":{"line":24,"column":12},"end":{"line":34,"column":13}},"7":{"start":{"line":25,"column":16},"end":{"line":28,"column":30}},"8":{"start":{"line":30,"column":16},"end":{"line":33,"column":27}},"9":{"start":{"line":37,"column":8},"end":{"line":39,"column":21}},"10":{"start":{"line":40,"column":8},"end":{"line":53,"column":9}},"11":{"start":{"line":43,"column":12},"end":{"line":46,"column":14}},"12":{"start":{"line":47,"column":12},"end":{"line":47,"column":18}},"13":{"start":{"line":50,"column":12},"end":{"line":51,"column":33}},"14":{"start":{"line":52,"column":12},"end":{"line":52,"column":18}},"15":{"start":{"line":55,"column":8},"end":{"line":55,"column":35}},"16":{"start":{"line":61,"column":4},"end":{"line":63,"column":9}},"17":{"start":{"line":62,"column":8},"end":{"line":62,"column":15}},"18":{"start":{"line":64,"column":4},"end":{"line":77,"column":5}},"19":{"start":{"line":70,"column":8},"end":{"line":70,"column":14}},"20":{"start":{"line":76,"column":8},"end":{"line":76,"column":14}},"21":{"start":{"line":82,"column":4},"end":{"line":84,"column":9}},"22":{"start":{"line":83,"column":8},"end":{"line":83,"column":15}},"23":{"start":{"line":85,"column":4},"end":{"line":194,"column":5}},"24":{"start":{"line":91,"column":8},"end":{"line":99,"column":10}},"25":{"start":{"line":98,"column":12},"end":{"line":98,"column":35}},"26":{"start":{"line":102,"column":8},"end":{"line":104,"column":63}},"27":{"start":{"line":105,"column":8},"end":{"line":105,"column":14}},"28":{"start":{"line":112,"column":8},"end":{"line":121,"column":10},"skip":true},"29":{"start":{"line":119,"column":12},"end":{"line":119,"column":55},"skip":true},"30":{"start":{"line":120,"column":12},"end":{"line":120,"column":48},"skip":true},"31":{"start":{"line":123,"column":8},"end":{"line":136,"column":10},"skip":true},"32":{"start":{"line":130,"column":12},"end":{"line":130,"column":76},"skip":true},"33":{"start":{"line":131,"column":12},"end":{"line":131,"column":73},"skip":true},"34":{"start":{"line":132,"column":12},"end":{"line":132,"column":74},"skip":true},"35":{"start":{"line":133,"column":12},"end":{"line":133,"column":79},"skip":true},"36":{"start":{"line":134,"column":12},"end":{"line":134,"column":25},"skip":true},"37":{"start":{"line":135,"column":12},"end":{"line":135,"column":45},"skip":true},"38":{"start":{"line":138,"column":8},"end":{"line":145,"column":14},"skip":true},"39":{"start":{"line":143,"column":16},"end":{"line":143,"column":29},"skip":true},"40":{"start":{"line":144,"column":16},"end":{"line":144,"column":55},"skip":true},"41":{"start":{"line":147,"column":8},"end":{"line":156,"column":10},"skip":true},"42":{"start":{"line":154,"column":12},"end":{"line":154,"column":25},"skip":true},"43":{"start":{"line":155,"column":12},"end":{"line":155,"column":45},"skip":true},"44":{"start":{"line":158,"column":8},"end":{"line":167,"column":10},"skip":true},"45":{"start":{"line":165,"column":12},"end":{"line":165,"column":25},"skip":true},"46":{"start":{"line":166,"column":12},"end":{"line":166,"column":48},"skip":true},"47":{"start":{"line":169,"column":8},"end":{"line":178,"column":10},"skip":true},"48":{"start":{"line":176,"column":12},"end":{"line":176,"column":25},"skip":true},"49":{"start":{"line":177,"column":12},"end":{"line":177,"column":46},"skip":true},"50":{"start":{"line":180,"column":8},"end":{"line":189,"column":10},"skip":true},"51":{"start":{"line":187,"column":12},"end":{"line":187,"column":94},"skip":true},"52":{"start":{"line":188,"column":12},"end":{"line":188,"column":48},"skip":true},"53":{"start":{"line":192,"column":8},"end":{"line":192,"column":35},"skip":true},"54":{"start":{"line":193,"column":8},"end":{"line":193,"column":14},"skip":true}},"branchMap":{"1":{"line":25,"type":"binary-expr","locations":[{"start":{"line":25,"column":23},"end":{"line":25,"column":62}},{"start":{"line":26,"column":20},"end":{"line":26,"column":70}},{"start":{"line":27,"column":20},"end":{"line":27,"column":71}},{"start":{"line":28,"column":20},"end":{"line":28,"column":29}}]},"2":{"line":30,"type":"binary-expr","locations":[{"start":{"line":30,"column":23},"end":{"line":30,"column":37}},{"start":{"line":31,"column":20},"end":{"line":31,"column":61}},{"start":{"line":32,"column":20},"end":{"line":32,"column":70}},{"start":{"line":33,"column":20},"end":{"line":33,"column":26}}]},"3":{"line":37,"type":"cond-expr","locations":[{"start":{"line":38,"column":14},"end":{"line":38,"column":20}},{"start":{"line":39,"column":14},"end":{"line":39,"column":20}}]},"4":{"line":40,"type":"switch","locations":[{"start":{"line":42,"column":8},"end":{"line":47,"column":18}},{"start":{"line":49,"column":8},"end":{"line":52,"column":18}}]},"5":{"line":44,"type":"binary-expr","locations":[{"start":{"line":44,"column":16},"end":{"line":44,"column":44}},{"start":{"line":44,"column":48},"end":{"line":44,"column":66}}]},"6":{"line":50,"type":"binary-expr","locations":[{"start":{"line":50,"column":21},"end":{"line":50,"column":49}},{"start":{"line":50,"column":53},"end":{"line":50,"column":72}}]},"7":{"line":64,"type":"switch","locations":[{"start":{"line":69,"column":4},"end":{"line":70,"column":14}},{"start":{"line":75,"column":4},"end":{"line":76,"column":14}}]},"8":{"line":85,"type":"switch","locations":[{"start":{"line":90,"column":4},"end":{"line":105,"column":14}},{"start":{"line":111,"column":4},"end":{"line":193,"column":14},"skip":true}]},"9":{"line":91,"type":"binary-expr","locations":[{"start":{"line":91,"column":42},"end":{"line":91,"column":73}},{"start":{"line":91,"column":77},"end":{"line":99,"column":9}}]},"10":{"line":102,"type":"binary-expr","locations":[{"start":{"line":102,"column":18},"end":{"line":102,"column":32}},{"start":{"line":103,"column":12},"end":{"line":103,"column":53}},{"start":{"line":104,"column":12},"end":{"line":104,"column":61}}]},"11":{"line":112,"type":"binary-expr","locations":[{"start":{"line":112,"column":45},"end":{"line":112,"column":79},"skip":true},{"start":{"line":112,"column":83},"end":{"line":121,"column":9},"skip":true}]},"12":{"line":123,"type":"binary-expr","locations":[{"start":{"line":123,"column":42},"end":{"line":123,"column":73},"skip":true},{"start":{"line":123,"column":77},"end":{"line":136,"column":9},"skip":true}]},"13":{"line":138,"type":"binary-expr","locations":[{"start":{"line":138,"column":48},"end":{"line":138,"column":85},"skip":true},{"start":{"line":139,"column":12},"end":{"line":145,"column":13},"skip":true}]},"14":{"line":147,"type":"binary-expr","locations":[{"start":{"line":147,"column":42},"end":{"line":147,"column":73},"skip":true},{"start":{"line":147,"column":77},"end":{"line":156,"column":9},"skip":true}]},"15":{"line":158,"type":"binary-expr","locations":[{"start":{"line":158,"column":45},"end":{"line":158,"column":79},"skip":true},{"start":{"line":158,"column":83},"end":{"line":167,"column":9},"skip":true}]},"16":{"line":169,"type":"binary-expr","locations":[{"start":{"line":169,"column":43},"end":{"line":169,"column":75},"skip":true},{"start":{"line":169,"column":79},"end":{"line":178,"column":9},"skip":true}]},"17":{"line":180,"type":"binary-expr","locations":[{"start":{"line":180,"column":41},"end":{"line":180,"column":71},"skip":true},{"start":{"line":180,"column":75},"end":{"line":189,"column":9},"skip":true}]}},"code":["/* istanbul instrument in package npmtest_remarkable */","/*jslint","    bitwise: true,","    browser: true,","    maxerr: 8,","    maxlen: 96,","    node: true,","    nomen: true,","    regexp: true,","    stupid: true","*/","(function () {","    'use strict';","    var local;","","","","    // run shared js-env code - init-before","    (function () {","        // init local","        local = {};","        // init modeJs","        local.modeJs = (function () {","            try {","                return typeof navigator.userAgent === 'string' &&","                    typeof document.querySelector('body') === 'object' &&","                    typeof XMLHttpRequest.prototype.open === 'function' &&","                    'browser';","            } catch (errorCaughtBrowser) {","                return module.exports &&","                    typeof process.versions.node === 'string' &&","                    typeof require('http').createServer === 'function' &&","                    'node';","            }","        }());","        // init global","        local.global = local.modeJs === 'browser'","            ? window","            : global;","        switch (local.modeJs) {","        // re-init local from window.local","        case 'browser':","            local = local.global.utility2.objectSetDefault(","                local.global.utility2_rollup || local.global.local,","                local.global.utility2","            );","            break;","        // re-init local from example.js","        case 'node':","            local = (local.global.utility2_rollup || require('utility2'))","                .requireReadme();","            break;","        }","        // export local","        local.global.local = local;","    }());","","","","    // run shared js-env code - function","    (function () {","        return;","    }());","    switch (local.modeJs) {","","","","    // run browser js-env code - function","    case 'browser':","        break;","","","","    // run node js-env code - function","    case 'node':","        break;","    }","","","","    // run shared js-env code - init-after","    (function () {","        return;","    }());","    switch (local.modeJs) {","","","","    // run browser js-env code - init-after","    case 'browser':","        local.testCase_browser_nullCase = local.testCase_browser_nullCase || function (","            options,","            onError","        ) {","        /*","         * this function will test browsers's null-case handling-behavior-behavior","         */","            onError(null, options);","        };","","        // run tests","        local.nop(local.modeTest &&","            document.querySelector('#testRunButton1') &&","            document.querySelector('#testRunButton1').click());","        break;","","","","    // run node js-env code - init-after","    /* istanbul ignore next */","    case 'node':","        local.testCase_buildApidoc_default = local.testCase_buildApidoc_default || function (","            options,","            onError","        ) {","        /*","         * this function will test buildApidoc's default handling-behavior-behavior","         */","            options = { modulePathList: module.paths };","            local.buildApidoc(options, onError);","        };","","        local.testCase_buildApp_default = local.testCase_buildApp_default || function (","            options,","            onError","        ) {","        /*","         * this function will test buildApp's default handling-behavior-behavior","         */","            local.testCase_buildReadme_default(options, local.onErrorThrow);","            local.testCase_buildLib_default(options, local.onErrorThrow);","            local.testCase_buildTest_default(options, local.onErrorThrow);","            local.testCase_buildCustomOrg_default(options, local.onErrorThrow);","            options = [];","            local.buildApp(options, onError);","        };","","        local.testCase_buildCustomOrg_default = local.testCase_buildCustomOrg_default ||","            function (options, onError) {","            /*","             * this function will test buildCustomOrg's default handling-behavior","             */","                options = {};","                local.buildCustomOrg(options, onError);","            };","","        local.testCase_buildLib_default = local.testCase_buildLib_default || function (","            options,","            onError","        ) {","        /*","         * this function will test buildLib's default handling-behavior","         */","            options = {};","            local.buildLib(options, onError);","        };","","        local.testCase_buildReadme_default = local.testCase_buildReadme_default || function (","            options,","            onError","        ) {","        /*","         * this function will test buildReadme's default handling-behavior-behavior","         */","            options = {};","            local.buildReadme(options, onError);","        };","","        local.testCase_buildTest_default = local.testCase_buildTest_default || function (","            options,","            onError","        ) {","        /*","         * this function will test buildTest's default handling-behavior","         */","            options = {};","            local.buildTest(options, onError);","        };","","        local.testCase_webpage_default = local.testCase_webpage_default || function (","            options,","            onError","        ) {","        /*","         * this function will test webpage's default handling-behavior","         */","            options = { modeCoverageMerge: true, url: local.serverLocalHost + '?modeTest=1' };","            local.browserTest(options, onError);","        };","","        // run test-server","        local.testRunServer(local);","        break;","    }","}());",""],"l":{"12":2,"14":2,"19":2,"21":2,"23":2,"24":2,"25":2,"30":1,"37":2,"40":2,"43":1,"47":1,"50":1,"52":1,"55":2,"61":2,"62":2,"64":2,"70":1,"76":1,"82":2,"83":2,"85":2,"91":1,"98":1,"102":1,"105":1,"112":1,"119":1,"120":1,"123":1,"130":1,"131":1,"132":1,"133":1,"134":1,"135":1,"138":1,"143":2,"144":2,"147":1,"154":2,"155":2,"158":1,"165":2,"166":2,"169":1,"176":2,"177":2,"180":1,"187":1,"188":1,"192":1,"193":1}},"/home/travis/build/npmtest/node-npmtest-remarkable/lib.npmtest_remarkable.js":{"path":"/home/travis/build/npmtest/node-npmtest-remarkable/lib.npmtest_remarkable.js","s":{"1":2,"2":2,"3":2,"4":2,"5":2,"6":2,"7":2,"8":1,"9":2,"10":2,"11":2,"12":2,"13":1,"14":1,"15":1,"16":1},"b":{"1":[2,1,1,1],"2":[1,1,1,1],"3":[1,1],"4":[2,2],"5":[1,1]},"f":{"1":2,"2":2,"3":2},"fnMap":{"1":{"name":"(anonymous_1)","line":12,"loc":{"start":{"line":12,"column":1},"end":{"line":12,"column":13}}},"2":{"name":"(anonymous_2)","line":19,"loc":{"start":{"line":19,"column":5},"end":{"line":19,"column":17}}},"3":{"name":"(anonymous_3)","line":23,"loc":{"start":{"line":23,"column":24},"end":{"line":23,"column":36}}}},"statementMap":{"1":{"start":{"line":12,"column":0},"end":{"line":53,"column":5}},"2":{"start":{"line":14,"column":4},"end":{"line":14,"column":14}},"3":{"start":{"line":19,"column":4},"end":{"line":52,"column":9}},"4":{"start":{"line":21,"column":8},"end":{"line":21,"column":19}},"5":{"start":{"line":23,"column":8},"end":{"line":35,"column":13}},"6":{"start":{"line":24,"column":12},"end":{"line":34,"column":13}},"7":{"start":{"line":25,"column":16},"end":{"line":28,"column":30}},"8":{"start":{"line":30,"column":16},"end":{"line":33,"column":27}},"9":{"start":{"line":37,"column":8},"end":{"line":39,"column":21}},"10":{"start":{"line":41,"column":8},"end":{"line":41,"column":54}},"11":{"start":{"line":43,"column":8},"end":{"line":43,"column":55}},"12":{"start":{"line":45,"column":8},"end":{"line":51,"column":9}},"13":{"start":{"line":46,"column":12},"end":{"line":46,"column":61}},"14":{"start":{"line":48,"column":12},"end":{"line":48,"column":35}},"15":{"start":{"line":49,"column":12},"end":{"line":49,"column":49}},"16":{"start":{"line":50,"column":12},"end":{"line":50,"column":43}}},"branchMap":{"1":{"line":25,"type":"binary-expr","locations":[{"start":{"line":25,"column":23},"end":{"line":25,"column":62}},{"start":{"line":26,"column":20},"end":{"line":26,"column":70}},{"start":{"line":27,"column":20},"end":{"line":27,"column":71}},{"start":{"line":28,"column":20},"end":{"line":28,"column":29}}]},"2":{"line":30,"type":"binary-expr","locations":[{"start":{"line":30,"column":23},"end":{"line":30,"column":37}},{"start":{"line":31,"column":20},"end":{"line":31,"column":61}},{"start":{"line":32,"column":20},"end":{"line":32,"column":70}},{"start":{"line":33,"column":20},"end":{"line":33,"column":26}}]},"3":{"line":37,"type":"cond-expr","locations":[{"start":{"line":38,"column":14},"end":{"line":38,"column":20}},{"start":{"line":39,"column":14},"end":{"line":39,"column":20}}]},"4":{"line":41,"type":"binary-expr","locations":[{"start":{"line":41,"column":16},"end":{"line":41,"column":44}},{"start":{"line":41,"column":48},"end":{"line":41,"column":53}}]},"5":{"line":45,"type":"if","locations":[{"start":{"line":45,"column":8},"end":{"line":45,"column":8}},{"start":{"line":45,"column":8},"end":{"line":45,"column":8}}]}},"code":["/* istanbul instrument in package npmtest_remarkable */","/*jslint","    bitwise: true,","    browser: true,","    maxerr: 8,","    maxlen: 96,","    node: true,","    nomen: true,","    regexp: true,","    stupid: true","*/","(function () {","    'use strict';","    var local;","","","","    // run shared js-env code - init-before","    (function () {","        // init local","        local = {};","        // init modeJs","        local.modeJs = (function () {","            try {","                return typeof navigator.userAgent === 'string' &&","                    typeof document.querySelector('body') === 'object' &&","                    typeof XMLHttpRequest.prototype.open === 'function' &&","                    'browser';","            } catch (errorCaughtBrowser) {","                return module.exports &&","                    typeof process.versions.node === 'string' &&","                    typeof require('http').createServer === 'function' &&","                    'node';","            }","        }());","        // init global","        local.global = local.modeJs === 'browser'","            ? window","            : global;","        // init utility2_rollup","        local = local.global.utility2_rollup || local;","        // init lib","        local.local = local.npmtest_remarkable = local;","        // init exports","        if (local.modeJs === 'browser') {","            local.global.utility2_npmtest_remarkable = local;","        } else {","            module.exports = local;","            module.exports.__dirname = __dirname;","            module.exports.module = module;","        }","    }());","}());",""],"l":{"12":2,"14":2,"19":2,"21":2,"23":2,"24":2,"25":2,"30":1,"37":2,"41":2,"43":2,"45":2,"46":1,"48":1,"49":1,"50":1}},"/home/travis/build/npmtest/node-npmtest-remarkable/example.js":{"path":"/home/travis/build/npmtest/node-npmtest-remarkable/example.js","s":{"1":2,"2":2,"3":2,"4":2,"5":2,"6":2,"7":2,"8":1,"9":2,"10":2,"11":2,"12":2,"13":1,"14":2,"15":2,"16":2,"17":2,"18":2,"19":0,"20":2,"21":1,"22":1,"23":1,"24":1,"25":1,"26":0,"27":0,"28":1,"29":1,"30":2,"31":0,"32":0,"33":0,"34":1,"35":2,"36":2,"37":3,"38":3,"39":3,"40":3,"41":0,"42":3,"43":3,"44":3,"45":1,"46":3,"47":1,"48":1,"49":1,"50":1,"51":1,"52":1,"53":1,"54":1,"55":1,"56":1,"57":0,"58":1,"59":6,"60":6,"61":1,"62":2,"63":0,"64":2,"65":1,"66":1,"67":0,"68":0,"69":0,"70":0,"71":0,"72":0,"73":0,"74":0,"75":0,"76":0,"77":0,"78":0,"79":0,"80":0,"81":0,"82":0,"83":0},"b":{"1":[2,1,1,1],"2":[1,1,1,1],"3":[1,1],"4":[2,2],"5":[1,1],"6":[1,1],"7":[2,0],"8":[2,1,1,1,1,1],"9":[0,2,0],"10":[1,1],"11":[2,1,1],"12":[1,0],"13":[0,2],"14":[2,0,0,0,0,0,0],"15":[0,3],"16":[3,0],"17":[1,1],"18":[0,1],"19":[1,2,0,2],"20":[1,0],"21":[1,1],"22":[0,0],"23":[0,0],"24":[0,0],"25":[0,0],"26":[0,0],"27":[0,0],"28":[0,0]},"f":{"1":2,"2":2,"3":2,"4":2,"5":2,"6":2,"7":3,"8":3,"9":3,"10":1,"11":6,"12":0},"fnMap":{"1":{"name":"(anonymous_1)","line":26,"loc":{"start":{"line":26,"column":1},"end":{"line":26,"column":13}}},"2":{"name":"(anonymous_2)","line":33,"loc":{"start":{"line":33,"column":5},"end":{"line":33,"column":17}}},"3":{"name":"(anonymous_3)","line":37,"loc":{"start":{"line":37,"column":24},"end":{"line":37,"column":36}}},"4":{"name":"(anonymous_4)","line":69,"loc":{"start":{"line":69,"column":31},"end":{"line":69,"column":48}},"skip":true},"5":{"name":"(anonymous_5)","line":78,"loc":{"start":{"line":78,"column":26},"end":{"line":78,"column":45}},"skip":true},"6":{"name":"(anonymous_6)","line":123,"loc":{"start":{"line":123,"column":33},"end":{"line":123,"column":48}},"skip":true},"7":{"name":"(anonymous_7)","line":125,"loc":{"start":{"line":125,"column":27},"end":{"line":125,"column":39}},"skip":true},"8":{"name":"(anonymous_8)","line":133,"loc":{"start":{"line":133,"column":59},"end":{"line":133,"column":74}},"skip":true},"9":{"name":"(anonymous_9)","line":143,"loc":{"start":{"line":143,"column":45},"end":{"line":143,"column":62}},"skip":true},"10":{"name":"(anonymous_10)","line":144,"loc":{"start":{"line":144,"column":73},"end":{"line":144,"column":92}},"skip":true},"11":{"name":"(anonymous_11)","line":272,"loc":{"start":{"line":272,"column":51},"end":{"line":272,"column":77}},"skip":true},"12":{"name":"(anonymous_12)","line":315,"loc":{"start":{"line":315,"column":32},"end":{"line":315,"column":61}},"skip":true}},"statementMap":{"1":{"start":{"line":26,"column":0},"end":{"line":326,"column":5}},"2":{"start":{"line":28,"column":4},"end":{"line":28,"column":14}},"3":{"start":{"line":33,"column":4},"end":{"line":60,"column":9}},"4":{"start":{"line":35,"column":8},"end":{"line":35,"column":19}},"5":{"start":{"line":37,"column":8},"end":{"line":49,"column":13}},"6":{"start":{"line":38,"column":12},"end":{"line":48,"column":13}},"7":{"start":{"line":39,"column":16},"end":{"line":42,"column":30}},"8":{"start":{"line":44,"column":16},"end":{"line":47,"column":27}},"9":{"start":{"line":51,"column":8},"end":{"line":53,"column":21}},"10":{"start":{"line":55,"column":8},"end":{"line":57,"column":45}},"11":{"start":{"line":59,"column":8},"end":{"line":59,"column":35}},"12":{"start":{"line":61,"column":4},"end":{"line":325,"column":5}},"13":{"start":{"line":69,"column":8},"end":{"line":121,"column":10},"skip":true},"14":{"start":{"line":70,"column":12},"end":{"line":88,"column":13},"skip":true},"15":{"start":{"line":76,"column":16},"end":{"line":87,"column":19},"skip":true},"16":{"start":{"line":79,"column":20},"end":{"line":86,"column":21},"skip":true},"17":{"start":{"line":82,"column":24},"end":{"line":82,"column":43},"skip":true},"18":{"start":{"line":83,"column":24},"end":{"line":83,"column":30},"skip":true},"19":{"start":{"line":85,"column":24},"end":{"line":85,"column":49},"skip":true},"20":{"start":{"line":89,"column":12},"end":{"line":107,"column":13},"skip":true},"21":{"start":{"line":92,"column":16},"end":{"line":102,"column":17},"skip":true},"22":{"start":{"line":93,"column":20},"end":{"line":93,"column":86},"skip":true},"23":{"start":{"line":94,"column":20},"end":{"line":95,"column":45},"skip":true},"24":{"start":{"line":96,"column":20},"end":{"line":96,"column":42},"skip":true},"25":{"start":{"line":97,"column":20},"end":{"line":97,"column":48},"skip":true},"26":{"start":{"line":100,"column":20},"end":{"line":100,"column":85},"skip":true},"27":{"start":{"line":101,"column":20},"end":{"line":101,"column":96},"skip":true},"28":{"start":{"line":103,"column":16},"end":{"line":103,"column":22},"skip":true},"29":{"start":{"line":106,"column":16},"end":{"line":106,"column":22},"skip":true},"30":{"start":{"line":108,"column":12},"end":{"line":120,"column":13},"skip":true},"31":{"start":{"line":114,"column":16},"end":{"line":119,"column":17},"skip":true},"32":{"start":{"line":116,"column":20},"end":{"line":116,"column":78},"skip":true},"33":{"start":{"line":118,"column":20},"end":{"line":118,"column":47},"skip":true},"34":{"start":{"line":123,"column":8},"end":{"line":141,"column":11},"skip":true},"35":{"start":{"line":124,"column":12},"end":{"line":124,"column":54},"skip":true},"36":{"start":{"line":125,"column":12},"end":{"line":140,"column":14},"skip":true},"37":{"start":{"line":126,"column":16},"end":{"line":126,"column":28},"skip":true},"38":{"start":{"line":127,"column":16},"end":{"line":127,"column":69},"skip":true},"39":{"start":{"line":128,"column":16},"end":{"line":128,"column":75},"skip":true},"40":{"start":{"line":129,"column":16},"end":{"line":131,"column":17},"skip":true},"41":{"start":{"line":130,"column":20},"end":{"line":130,"column":27},"skip":true},"42":{"start":{"line":133,"column":16},"end":{"line":137,"column":36},"skip":true},"43":{"start":{"line":134,"column":20},"end":{"line":136,"column":55},"skip":true},"44":{"start":{"line":139,"column":16},"end":{"line":139,"column":57},"skip":true},"45":{"start":{"line":143,"column":8},"end":{"line":147,"column":11},"skip":true},"46":{"start":{"line":144,"column":12},"end":{"line":146,"column":15},"skip":true},"47":{"start":{"line":145,"column":16},"end":{"line":145,"column":70},"skip":true},"48":{"start":{"line":149,"column":8},"end":{"line":149,"column":31},"skip":true},"49":{"start":{"line":150,"column":8},"end":{"line":150,"column":14},"skip":true},"50":{"start":{"line":158,"column":8},"end":{"line":158,"column":31},"skip":true},"51":{"start":{"line":160,"column":8},"end":{"line":160,"column":33},"skip":true},"52":{"start":{"line":161,"column":8},"end":{"line":161,"column":37},"skip":true},"53":{"start":{"line":162,"column":8},"end":{"line":162,"column":35},"skip":true},"54":{"start":{"line":164,"column":8},"end":{"line":164,"column":50},"skip":true},"55":{"start":{"line":166,"column":8},"end":{"line":256,"column":2},"skip":true},"56":{"start":{"line":258,"column":8},"end":{"line":286,"column":9},"skip":true},"57":{"start":{"line":259,"column":12},"end":{"line":269,"column":14},"skip":true},"58":{"start":{"line":271,"column":12},"end":{"line":285,"column":19},"skip":true},"59":{"start":{"line":274,"column":20},"end":{"line":274,"column":35},"skip":true},"60":{"start":{"line":275,"column":20},"end":{"line":284,"column":21},"skip":true},"61":{"start":{"line":277,"column":24},"end":{"line":277,"column":64},"skip":true},"62":{"start":{"line":279,"column":24},"end":{"line":279,"column":40},"skip":true},"63":{"start":{"line":281,"column":24},"end":{"line":281,"column":40},"skip":true},"64":{"start":{"line":283,"column":24},"end":{"line":283,"column":39},"skip":true},"65":{"start":{"line":288,"column":8},"end":{"line":290,"column":9},"skip":true},"66":{"start":{"line":289,"column":12},"end":{"line":289,"column":18},"skip":true},"67":{"start":{"line":291,"column":8},"end":{"line":293,"column":54},"skip":true},"68":{"start":{"line":296,"column":8},"end":{"line":301,"column":37},"skip":true},"69":{"start":{"line":303,"column":8},"end":{"line":303,"column":82},"skip":true},"70":{"start":{"line":306,"column":8},"end":{"line":308,"column":9},"skip":true},"71":{"start":{"line":307,"column":12},"end":{"line":307,"column":82},"skip":true},"72":{"start":{"line":310,"column":8},"end":{"line":312,"column":9},"skip":true},"73":{"start":{"line":311,"column":12},"end":{"line":311,"column":18},"skip":true},"74":{"start":{"line":313,"column":8},"end":{"line":313,"column":54},"skip":true},"75":{"start":{"line":314,"column":8},"end":{"line":314,"column":69},"skip":true},"76":{"start":{"line":315,"column":8},"end":{"line":323,"column":36},"skip":true},"77":{"start":{"line":316,"column":12},"end":{"line":316,"column":61},"skip":true},"78":{"start":{"line":317,"column":12},"end":{"line":320,"column":13},"skip":true},"79":{"start":{"line":318,"column":16},"end":{"line":318,"column":75},"skip":true},"80":{"start":{"line":319,"column":16},"end":{"line":319,"column":23},"skip":true},"81":{"start":{"line":321,"column":12},"end":{"line":321,"column":38},"skip":true},"82":{"start":{"line":322,"column":12},"end":{"line":322,"column":27},"skip":true},"83":{"start":{"line":324,"column":8},"end":{"line":324,"column":14},"skip":true}},"branchMap":{"1":{"line":39,"type":"binary-expr","locations":[{"start":{"line":39,"column":23},"end":{"line":39,"column":62}},{"start":{"line":40,"column":20},"end":{"line":40,"column":70}},{"start":{"line":41,"column":20},"end":{"line":41,"column":71}},{"start":{"line":42,"column":20},"end":{"line":42,"column":29}}]},"2":{"line":44,"type":"binary-expr","locations":[{"start":{"line":44,"column":23},"end":{"line":44,"column":37}},{"start":{"line":45,"column":20},"end":{"line":45,"column":61}},{"start":{"line":46,"column":20},"end":{"line":46,"column":70}},{"start":{"line":47,"column":20},"end":{"line":47,"column":26}}]},"3":{"line":51,"type":"cond-expr","locations":[{"start":{"line":52,"column":14},"end":{"line":52,"column":20}},{"start":{"line":53,"column":14},"end":{"line":53,"column":20}}]},"4":{"line":55,"type":"binary-expr","locations":[{"start":{"line":55,"column":16},"end":{"line":55,"column":44}},{"start":{"line":55,"column":49},"end":{"line":57,"column":43}}]},"5":{"line":55,"type":"cond-expr","locations":[{"start":{"line":56,"column":14},"end":{"line":56,"column":54}},{"start":{"line":57,"column":14},"end":{"line":57,"column":43}}]},"6":{"line":61,"type":"switch","locations":[{"start":{"line":68,"column":4},"end":{"line":150,"column":14},"skip":true},{"start":{"line":156,"column":4},"end":{"line":324,"column":14},"skip":true}]},"7":{"line":70,"type":"if","locations":[{"start":{"line":70,"column":12},"end":{"line":70,"column":12},"skip":true},{"start":{"line":70,"column":12},"end":{"line":70,"column":12},"skip":true}]},"8":{"line":70,"type":"binary-expr","locations":[{"start":{"line":70,"column":16},"end":{"line":70,"column":22},"skip":true},{"start":{"line":70,"column":27},"end":{"line":70,"column":32},"skip":true},{"start":{"line":71,"column":20},"end":{"line":71,"column":39},"skip":true},{"start":{"line":72,"column":20},"end":{"line":72,"column":49},"skip":true},{"start":{"line":73,"column":20},"end":{"line":73,"column":58},"skip":true},{"start":{"line":74,"column":20},"end":{"line":74,"column":69},"skip":true}]},"9":{"line":79,"type":"switch","locations":[{"start":{"line":80,"column":20},"end":{"line":80,"column":33},"skip":true},{"start":{"line":81,"column":20},"end":{"line":83,"column":30},"skip":true},{"start":{"line":84,"column":20},"end":{"line":85,"column":49},"skip":true}]},"10":{"line":89,"type":"switch","locations":[{"start":{"line":90,"column":12},"end":{"line":103,"column":22},"skip":true},{"start":{"line":105,"column":12},"end":{"line":106,"column":22},"skip":true}]},"11":{"line":89,"type":"binary-expr","locations":[{"start":{"line":89,"column":20},"end":{"line":89,"column":25},"skip":true},{"start":{"line":89,"column":29},"end":{"line":89,"column":48},"skip":true},{"start":{"line":89,"column":52},"end":{"line":89,"column":74},"skip":true}]},"12":{"line":92,"type":"if","locations":[{"start":{"line":92,"column":16},"end":{"line":92,"column":16},"skip":true},{"start":{"line":92,"column":16},"end":{"line":92,"column":16},"skip":true}]},"13":{"line":108,"type":"if","locations":[{"start":{"line":108,"column":12},"end":{"line":108,"column":12},"skip":true},{"start":{"line":108,"column":12},"end":{"line":108,"column":12},"skip":true}]},"14":{"line":108,"type":"binary-expr","locations":[{"start":{"line":108,"column":16},"end":{"line":108,"column":61},"skip":true},{"start":{"line":108,"column":66},"end":{"line":108,"column":72},"skip":true},{"start":{"line":108,"column":77},"end":{"line":108,"column":82},"skip":true},{"start":{"line":109,"column":20},"end":{"line":109,"column":39},"skip":true},{"start":{"line":110,"column":20},"end":{"line":110,"column":49},"skip":true},{"start":{"line":111,"column":20},"end":{"line":111,"column":58},"skip":true},{"start":{"line":112,"column":20},"end":{"line":112,"column":68},"skip":true}]},"15":{"line":129,"type":"if","locations":[{"start":{"line":129,"column":16},"end":{"line":129,"column":16},"skip":true},{"start":{"line":129,"column":16},"end":{"line":129,"column":16},"skip":true}]},"16":{"line":134,"type":"cond-expr","locations":[{"start":{"line":135,"column":26},"end":{"line":135,"column":29},"skip":true},{"start":{"line":136,"column":26},"end":{"line":136,"column":54},"skip":true}]},"17":{"line":164,"type":"binary-expr","locations":[{"start":{"line":164,"column":27},"end":{"line":164,"column":43},"skip":true},{"start":{"line":164,"column":47},"end":{"line":164,"column":49},"skip":true}]},"18":{"line":258,"type":"if","locations":[{"start":{"line":258,"column":8},"end":{"line":258,"column":8},"skip":true},{"start":{"line":258,"column":8},"end":{"line":258,"column":8},"skip":true}]},"19":{"line":275,"type":"switch","locations":[{"start":{"line":276,"column":20},"end":{"line":277,"column":64},"skip":true},{"start":{"line":278,"column":20},"end":{"line":279,"column":40},"skip":true},{"start":{"line":280,"column":20},"end":{"line":281,"column":40},"skip":true},{"start":{"line":282,"column":20},"end":{"line":283,"column":39},"skip":true}]},"20":{"line":288,"type":"if","locations":[{"start":{"line":288,"column":8},"end":{"line":288,"column":8},"skip":true},{"start":{"line":288,"column":8},"end":{"line":288,"column":8},"skip":true}]},"21":{"line":288,"type":"binary-expr","locations":[{"start":{"line":288,"column":12},"end":{"line":288,"column":40},"skip":true},{"start":{"line":288,"column":44},"end":{"line":288,"column":67},"skip":true}]},"22":{"line":292,"type":"binary-expr","locations":[{"start":{"line":292,"column":12},"end":{"line":292,"column":50},"skip":true},{"start":{"line":293,"column":12},"end":{"line":293,"column":53},"skip":true}]},"23":{"line":297,"type":"binary-expr","locations":[{"start":{"line":297,"column":12},"end":{"line":297,"column":68},"skip":true},{"start":{"line":298,"column":12},"end":{"line":301,"column":36},"skip":true}]},"24":{"line":303,"type":"binary-expr","locations":[{"start":{"line":303,"column":43},"end":{"line":303,"column":75},"skip":true},{"start":{"line":303,"column":79},"end":{"line":303,"column":81},"skip":true}]},"25":{"line":306,"type":"if","locations":[{"start":{"line":306,"column":8},"end":{"line":306,"column":8},"skip":true},{"start":{"line":306,"column":8},"end":{"line":306,"column":8},"skip":true}]},"26":{"line":310,"type":"if","locations":[{"start":{"line":310,"column":8},"end":{"line":310,"column":8},"skip":true},{"start":{"line":310,"column":8},"end":{"line":310,"column":8},"skip":true}]},"27":{"line":313,"type":"binary-expr","locations":[{"start":{"line":313,"column":27},"end":{"line":313,"column":43},"skip":true},{"start":{"line":313,"column":47},"end":{"line":313,"column":53},"skip":true}]},"28":{"line":317,"type":"if","locations":[{"start":{"line":317,"column":12},"end":{"line":317,"column":12},"skip":true},{"start":{"line":317,"column":12},"end":{"line":317,"column":12},"skip":true}]}},"code":["/*","example.js","","quickstart example","","instruction","    1. save this script as example.js","    2. run the shell command:","        $ npm install npmtest-remarkable && PORT=8081 node example.js","    3. play with the browser-demo on http://127.0.0.1:8081","*/","","","","/* istanbul instrument in package npmtest_remarkable */","/*jslint","    bitwise: true,","    browser: true,","    maxerr: 8,","    maxlen: 96,","    node: true,","    nomen: true,","    regexp: true,","    stupid: true","*/","(function () {","    'use strict';","    var local;","","","","    // run shared js-env code - init-before","    (function () {","        // init local","        local = {};","        // init modeJs","        local.modeJs = (function () {","            try {","                return typeof navigator.userAgent === 'string' &&","                    typeof document.querySelector('body') === 'object' &&","                    typeof XMLHttpRequest.prototype.open === 'function' &&","                    'browser';","            } catch (errorCaughtBrowser) {","                return module.exports &&","                    typeof process.versions.node === 'string' &&","                    typeof require('http').createServer === 'function' &&","                    'node';","            }","        }());","        // init global","        local.global = local.modeJs === 'browser'","            ? window","            : global;","        // init utility2_rollup","        local = local.global.utility2_rollup || (local.modeJs === 'browser'","            ? local.global.utility2_npmtest_remarkable","            : global.utility2_moduleExports);","        // export local","        local.global.local = local;","    }());","    switch (local.modeJs) {","","","","    // init-after","    // run browser js-env code - init-after","    /* istanbul ignore next */","    case 'browser':","        local.testRunBrowser = function (event) {","            if (!event || (event &&","                    event.currentTarget &&","                    event.currentTarget.className &&","                    event.currentTarget.className.includes &&","                    event.currentTarget.className.includes('onreset'))) {","                // reset output","                Array.from(","                    document.querySelectorAll('body > .resettable')","                ).forEach(function (element) {","                    switch (element.tagName) {","                    case 'INPUT':","                    case 'TEXTAREA':","                        element.value = '';","                        break;","                    default:","                        element.textContent = '';","                    }","                });","            }","            switch (event && event.currentTarget && event.currentTarget.id) {","            case 'testRunButton1':","                // show tests","                if (document.querySelector('#testReportDiv1').style.display === 'none') {","                    document.querySelector('#testReportDiv1').style.display = 'block';","                    document.querySelector('#testRunButton1').textContent =","                        'hide internal test';","                    local.modeTest = true;","                    local.testRunDefault(local);","                // hide tests","                } else {","                    document.querySelector('#testReportDiv1').style.display = 'none';","                    document.querySelector('#testRunButton1').textContent = 'run internal test';","                }","                break;","            // custom-case","            default:","                break;","            }","            if (document.querySelector('#inputTextareaEval1') && (!event || (event &&","                    event.currentTarget &&","                    event.currentTarget.className &&","                    event.currentTarget.className.includes &&","                    event.currentTarget.className.includes('oneval')))) {","                // try to eval input-code","                try {","                    /*jslint evil: true*/","                    eval(document.querySelector('#inputTextareaEval1').value);","                } catch (errorCaught) {","                    console.error(errorCaught);","                }","            }","        };","        // log stderr and stdout to #outputTextareaStdout1","        ['error', 'log'].forEach(function (key) {","            console[key + '_original'] = console[key];","            console[key] = function () {","                var element;","                console[key + '_original'].apply(console, arguments);","                element = document.querySelector('#outputTextareaStdout1');","                if (!element) {","                    return;","                }","                // append text to #outputTextareaStdout1","                element.value += Array.from(arguments).map(function (arg) {","                    return typeof arg === 'string'","                        ? arg","                        : JSON.stringify(arg, null, 4);","                }).join(' ') + '\\n';","                // scroll textarea to bottom","                element.scrollTop = element.scrollHeight;","            };","        });","        // init event-handling","        ['change', 'click', 'keyup'].forEach(function (event) {","            Array.from(document.querySelectorAll('.on' + event)).forEach(function (element) {","                element.addEventListener(event, local.testRunBrowser);","            });","        });","        // run tests","        local.testRunBrowser();","        break;","","","","    // run node js-env code - init-after","    /* istanbul ignore next */","    case 'node':","        // export local","        module.exports = local;","        // require modules","        local.fs = require('fs');","        local.http = require('http');","        local.url = require('url');","        // init assets","        local.assetsDict = local.assetsDict || {};","        /* jslint-ignore-begin */","        local.assetsDict['/assets.index.template.html'] = '\\","<!doctype html>\\n\\","<html lang=\"en\">\\n\\","<head>\\n\\","<meta charset=\"UTF-8\">\\n\\","<meta name=\"viewport\" content=\"width=device-width, initial-scale=1\">\\n\\","<title>{{env.npm_package_name}} (v{{env.npm_package_version}})</title>\\n\\","<style>\\n\\","/*csslint\\n\\","    box-sizing: false,\\n\\","    universal-selector: false\\n\\","*/\\n\\","* {\\n\\","    box-sizing: border-box;\\n\\","}\\n\\","body {\\n\\","    background: #dde;\\n\\","    font-family: Arial, Helvetica, sans-serif;\\n\\","    margin: 2rem;\\n\\","}\\n\\","body > * {\\n\\","    margin-bottom: 1rem;\\n\\","}\\n\\",".utility2FooterDiv {\\n\\","    margin-top: 20px;\\n\\","    text-align: center;\\n\\","}\\n\\","</style>\\n\\","<style>\\n\\","/*csslint\\n\\","*/\\n\\","textarea {\\n\\","    font-family: monospace;\\n\\","    height: 10rem;\\n\\","    width: 100%;\\n\\","}\\n\\","textarea[readonly] {\\n\\","    background: #ddd;\\n\\","}\\n\\","</style>\\n\\","</head>\\n\\","<body>\\n\\","<!-- utility2-comment\\n\\","<div id=\"ajaxProgressDiv1\" style=\"background: #d00; height: 2px; left: 0; margin: 0; padding: 0; position: fixed; top: 0; transition: background 0.5s, width 1.5s; width: 25%;\"></div>\\n\\","utility2-comment -->\\n\\","<h1>\\n\\","<!-- utility2-comment\\n\\","    <a\\n\\","        {{#if env.npm_package_homepage}}\\n\\","        href=\"{{env.npm_package_homepage}}\"\\n\\","        {{/if env.npm_package_homepage}}\\n\\","        target=\"_blank\"\\n\\","    >\\n\\","utility2-comment -->\\n\\","        {{env.npm_package_name}} (v{{env.npm_package_version}})\\n\\","<!-- utility2-comment\\n\\","    </a>\\n\\","utility2-comment -->\\n\\","</h1>\\n\\","<h3>{{env.npm_package_description}}</h3>\\n\\","<!-- utility2-comment\\n\\","<h4><a download href=\"assets.app.js\">download standalone app</a></h4>\\n\\","<button class=\"onclick onreset\" id=\"testRunButton1\">run internal test</button><br>\\n\\","<div id=\"testReportDiv1\" style=\"display: none;\"></div>\\n\\","utility2-comment -->\\n\\","\\n\\","\\n\\","\\n\\","<label>stderr and stdout</label>\\n\\","<textarea class=\"resettable\" id=\"outputTextareaStdout1\" readonly></textarea>\\n\\","<!-- utility2-comment\\n\\","{{#if isRollup}}\\n\\","<script src=\"assets.app.js\"></script>\\n\\","{{#unless isRollup}}\\n\\","utility2-comment -->\\n\\","<script src=\"assets.utility2.rollup.js\"></script>\\n\\","<script src=\"jsonp.utility2._stateInit?callback=window.utility2._stateInit\"></script>\\n\\","<script src=\"assets.npmtest_remarkable.rollup.js\"></script>\\n\\","<script src=\"assets.example.js\"></script>\\n\\","<script src=\"assets.test.js\"></script>\\n\\","<!-- utility2-comment\\n\\","{{/if isRollup}}\\n\\","utility2-comment -->\\n\\","<div class=\"utility2FooterDiv\">\\n\\","    [ this app was created with\\n\\","    <a href=\"https://github.com/kaizhu256/node-utility2\" target=\"_blank\">utility2</a>\\n\\","    ]\\n\\","</div>\\n\\","</body>\\n\\","</html>\\n\\","';","        /* jslint-ignore-end */","        if (local.templateRender) {","            local.assetsDict['/'] = local.templateRender(","                local.assetsDict['/assets.index.template.html'],","                {","                    env: local.objectSetDefault(local.env, {","                        npm_package_description: 'the greatest app in the world!',","                        npm_package_name: 'my-app',","                        npm_package_nameAlias: 'my_app',","                        npm_package_version: '0.0.1'","                    })","                }","            );","        } else {","            local.assetsDict['/'] = local.assetsDict['/assets.index.template.html']","                .replace((/\\{\\{env\\.(\\w+?)\\}\\}/g), function (match0, match1) {","                    // jslint-hack","                    String(match0);","                    switch (match1) {","                    case 'npm_package_description':","                        return 'the greatest app in the world!';","                    case 'npm_package_name':","                        return 'my-app';","                    case 'npm_package_nameAlias':","                        return 'my_app';","                    case 'npm_package_version':","                        return '0.0.1';","                    }","                });","        }","        // run the cli","        if (local.global.utility2_rollup || module !== require.main) {","            break;","        }","        local.assetsDict['/assets.example.js'] =","            local.assetsDict['/assets.example.js'] ||","            local.fs.readFileSync(__filename, 'utf8');","        // bug-workaround - long $npm_package_buildCustomOrg","        /* jslint-ignore-begin */","        local.assetsDict['/assets.npmtest_remarkable.rollup.js'] =","            local.assetsDict['/assets.npmtest_remarkable.rollup.js'] ||","            local.fs.readFileSync(","                local.npmtest_remarkable.__dirname + '/lib.npmtest_remarkable.js',","                'utf8'","            ).replace((/^#!/), '//');","        /* jslint-ignore-end */","        local.assetsDict['/favicon.ico'] = local.assetsDict['/favicon.ico'] || '';","        // if $npm_config_timeout_exit exists,","        // then exit this process after $npm_config_timeout_exit ms","        if (Number(process.env.npm_config_timeout_exit)) {","            setTimeout(process.exit, Number(process.env.npm_config_timeout_exit));","        }","        // start server","        if (local.global.utility2_serverHttp1) {","            break;","        }","        process.env.PORT = process.env.PORT || '8081';","        console.error('server starting on port ' + process.env.PORT);","        local.http.createServer(function (request, response) {","            request.urlParsed = local.url.parse(request.url);","            if (local.assetsDict[request.urlParsed.pathname] !== undefined) {","                response.end(local.assetsDict[request.urlParsed.pathname]);","                return;","            }","            response.statusCode = 404;","            response.end();","        }).listen(process.env.PORT);","        break;","    }","}());",""],"l":{"26":2,"28":2,"33":2,"35":2,"37":2,"38":2,"39":2,"44":1,"51":2,"55":2,"59":2,"61":2,"69":1,"70":2,"76":2,"79":2,"82":2,"83":2,"85":1,"89":2,"92":1,"93":1,"94":1,"96":1,"97":1,"100":1,"101":1,"103":1,"106":1,"108":2,"114":1,"116":1,"118":1,"123":1,"124":2,"125":2,"126":3,"127":3,"128":3,"129":3,"130":1,"133":3,"134":3,"139":3,"143":1,"144":3,"145":1,"149":1,"150":1,"158":1,"160":1,"161":1,"162":1,"164":1,"166":1,"258":1,"259":1,"271":1,"274":6,"275":6,"277":1,"279":2,"281":1,"283":2,"288":1,"289":1,"291":1,"296":1,"303":1,"306":1,"307":1,"310":1,"311":1,"313":1,"314":1,"315":1,"316":1,"317":1,"318":1,"319":1,"321":1,"322":1,"324":1}},"/home/travis/build/npmtest/node-npmtest-remarkable/node_modules/remarkable/index.js":{"path":"/home/travis/build/npmtest/node-npmtest-remarkable/node_modules/remarkable/index.js","s":{"1":1},"b":{},"f":{},"fnMap":{},"statementMap":{"1":{"start":{"line":3,"column":0},"end":{"line":3,"column":35}}},"branchMap":{},"code":["'use strict';","","module.exports = require('./lib/');",""],"l":{"3":1}},"/home/travis/build/npmtest/node-npmtest-remarkable/node_modules/remarkable/lib/index.js":{"path":"/home/travis/build/npmtest/node-npmtest-remarkable/node_modules/remarkable/lib/index.js","s":{"1":1,"2":1,"3":1,"4":1,"5":1,"6":1,"7":1,"8":1,"9":20,"10":20,"11":20,"12":20,"13":20,"14":20,"15":20,"16":20,"17":20,"18":1,"19":1,"20":1,"21":1,"22":1,"23":1,"24":1,"25":1,"26":1,"27":1,"28":1,"29":1,"30":1,"31":2,"32":1,"33":1,"34":1,"35":0,"36":1,"37":1,"38":1,"39":1,"40":3,"41":3,"42":1,"43":0,"44":0,"45":1,"46":20,"47":20,"48":20,"49":1,"50":20,"51":20,"52":1,"53":0,"54":0,"55":0,"56":0,"57":1,"58":0,"59":0,"60":1,"61":1},"b":{"1":[1,0],"2":[1,0],"3":[0,1],"4":[1,0],"5":[1,0],"6":[3,0],"7":[20,20],"8":[0,0]},"f":{"1":20,"2":1,"3":2,"4":1,"5":3,"6":0,"7":20,"8":20,"9":0,"10":0},"fnMap":{"1":{"name":"StateCore","line":32,"loc":{"start":{"line":32,"column":0},"end":{"line":32,"column":39}}},"2":{"name":"Remarkable","line":53,"loc":{"start":{"line":53,"column":0},"end":{"line":53,"column":37}}},"3":{"name":"(anonymous_3)","line":81,"loc":{"start":{"line":81,"column":27},"end":{"line":81,"column":46}}},"4":{"name":"(anonymous_4)","line":91,"loc":{"start":{"line":91,"column":33},"end":{"line":91,"column":52}}},"5":{"name":"(anonymous_5)","line":97,"loc":{"start":{"line":97,"column":44},"end":{"line":97,"column":60}}},"6":{"name":"(anonymous_6)","line":121,"loc":{"start":{"line":121,"column":27},"end":{"line":121,"column":54}}},"7":{"name":"(anonymous_7)","line":136,"loc":{"start":{"line":136,"column":29},"end":{"line":136,"column":49}}},"8":{"name":"(anonymous_8)","line":150,"loc":{"start":{"line":150,"column":30},"end":{"line":150,"column":50}}},"9":{"name":"(anonymous_9)","line":163,"loc":{"start":{"line":163,"column":35},"end":{"line":163,"column":55}}},"10":{"name":"(anonymous_10)","line":179,"loc":{"start":{"line":179,"column":36},"end":{"line":179,"column":56}}}},"statementMap":{"1":{"start":{"line":7,"column":0},"end":{"line":7,"column":52}},"2":{"start":{"line":8,"column":0},"end":{"line":8,"column":41}},"3":{"start":{"line":9,"column":0},"end":{"line":9,"column":44}},"4":{"start":{"line":10,"column":0},"end":{"line":10,"column":45}},"5":{"start":{"line":11,"column":0},"end":{"line":11,"column":46}},"6":{"start":{"line":12,"column":0},"end":{"line":12,"column":38}},"7":{"start":{"line":18,"column":0},"end":{"line":22,"column":2}},"8":{"start":{"line":32,"column":0},"end":{"line":43,"column":1}},"9":{"start":{"line":33,"column":2},"end":{"line":33,"column":17}},"10":{"start":{"line":34,"column":2},"end":{"line":34,"column":17}},"11":{"start":{"line":35,"column":2},"end":{"line":35,"column":34}},"12":{"start":{"line":36,"column":2},"end":{"line":36,"column":19}},"13":{"start":{"line":37,"column":2},"end":{"line":37,"column":26}},"14":{"start":{"line":39,"column":2},"end":{"line":39,"column":32}},"15":{"start":{"line":40,"column":2},"end":{"line":40,"column":30}},"16":{"start":{"line":41,"column":2},"end":{"line":41,"column":36}},"17":{"start":{"line":42,"column":2},"end":{"line":42,"column":42}},"18":{"start":{"line":53,"column":0},"end":{"line":68,"column":1}},"19":{"start":{"line":54,"column":2},"end":{"line":57,"column":3}},"20":{"start":{"line":55,"column":4},"end":{"line":55,"column":21}},"21":{"start":{"line":56,"column":4},"end":{"line":56,"column":23}},"22":{"start":{"line":59,"column":2},"end":{"line":59,"column":37}},"23":{"start":{"line":60,"column":2},"end":{"line":60,"column":36}},"24":{"start":{"line":61,"column":2},"end":{"line":61,"column":35}},"25":{"start":{"line":62,"column":2},"end":{"line":62,"column":33}},"26":{"start":{"line":63,"column":2},"end":{"line":63,"column":30}},"27":{"start":{"line":65,"column":2},"end":{"line":65,"column":21}},"28":{"start":{"line":66,"column":2},"end":{"line":66,"column":33}},"29":{"start":{"line":67,"column":2},"end":{"line":67,"column":26}},"30":{"start":{"line":81,"column":0},"end":{"line":83,"column":2}},"31":{"start":{"line":82,"column":2},"end":{"line":82,"column":32}},"32":{"start":{"line":91,"column":0},"end":{"line":103,"column":2}},"33":{"start":{"line":92,"column":2},"end":{"line":92,"column":18}},"34":{"start":{"line":94,"column":2},"end":{"line":94,"column":85}},"35":{"start":{"line":94,"column":18},"end":{"line":94,"column":83}},"36":{"start":{"line":95,"column":2},"end":{"line":95,"column":53}},"37":{"start":{"line":95,"column":25},"end":{"line":95,"column":51}},"38":{"start":{"line":96,"column":2},"end":{"line":102,"column":3}},"39":{"start":{"line":97,"column":4},"end":{"line":101,"column":7}},"40":{"start":{"line":98,"column":6},"end":{"line":100,"column":7}},"41":{"start":{"line":99,"column":8},"end":{"line":99,"column":70}},"42":{"start":{"line":121,"column":0},"end":{"line":124,"column":2}},"43":{"start":{"line":122,"column":2},"end":{"line":122,"column":24}},"44":{"start":{"line":123,"column":2},"end":{"line":123,"column":14}},"45":{"start":{"line":136,"column":0},"end":{"line":140,"column":2}},"46":{"start":{"line":137,"column":2},"end":{"line":137,"column":44}},"47":{"start":{"line":138,"column":2},"end":{"line":138,"column":27}},"48":{"start":{"line":139,"column":2},"end":{"line":139,"column":22}},"49":{"start":{"line":150,"column":0},"end":{"line":153,"column":2}},"50":{"start":{"line":151,"column":2},"end":{"line":151,"column":18}},"51":{"start":{"line":152,"column":2},"end":{"line":152,"column":71}},"52":{"start":{"line":163,"column":0},"end":{"line":168,"column":2}},"53":{"start":{"line":164,"column":2},"end":{"line":164,"column":44}},"54":{"start":{"line":165,"column":2},"end":{"line":165,"column":26}},"55":{"start":{"line":166,"column":2},"end":{"line":166,"column":27}},"56":{"start":{"line":167,"column":2},"end":{"line":167,"column":22}},"57":{"start":{"line":179,"column":0},"end":{"line":182,"column":2}},"58":{"start":{"line":180,"column":2},"end":{"line":180,"column":18}},"59":{"start":{"line":181,"column":2},"end":{"line":181,"column":77}},"60":{"start":{"line":188,"column":0},"end":{"line":188,"column":28}},"61":{"start":{"line":195,"column":0},"end":{"line":195,"column":49}}},"branchMap":{"1":{"line":54,"type":"if","locations":[{"start":{"line":54,"column":2},"end":{"line":54,"column":2}},{"start":{"line":54,"column":2},"end":{"line":54,"column":2}}]},"2":{"line":67,"type":"binary-expr","locations":[{"start":{"line":67,"column":11},"end":{"line":67,"column":18}},{"start":{"line":67,"column":22},"end":{"line":67,"column":24}}]},"3":{"line":94,"type":"if","locations":[{"start":{"line":94,"column":2},"end":{"line":94,"column":2}},{"start":{"line":94,"column":2},"end":{"line":94,"column":2}}]},"4":{"line":95,"type":"if","locations":[{"start":{"line":95,"column":2},"end":{"line":95,"column":2}},{"start":{"line":95,"column":2},"end":{"line":95,"column":2}}]},"5":{"line":96,"type":"if","locations":[{"start":{"line":96,"column":2},"end":{"line":96,"column":2}},{"start":{"line":96,"column":2},"end":{"line":96,"column":2}}]},"6":{"line":98,"type":"if","locations":[{"start":{"line":98,"column":6},"end":{"line":98,"column":6}},{"start":{"line":98,"column":6},"end":{"line":98,"column":6}}]},"7":{"line":151,"type":"binary-expr","locations":[{"start":{"line":151,"column":8},"end":{"line":151,"column":11}},{"start":{"line":151,"column":15},"end":{"line":151,"column":17}}]},"8":{"line":180,"type":"binary-expr","locations":[{"start":{"line":180,"column":8},"end":{"line":180,"column":11}},{"start":{"line":180,"column":15},"end":{"line":180,"column":17}}]}},"code":["'use strict';","","/**"," * Local dependencies"," */","","var assign       = require('./common/utils').assign;","var Renderer     = require('./renderer');","var ParserCore   = require('./parser_core');","var ParserBlock  = require('./parser_block');","var ParserInline = require('./parser_inline');","var Ruler        = require('./ruler');","","/**"," * Preset configs"," */","","var config = {","  'default':    require('./configs/default'),","  'full':       require('./configs/full'),","  'commonmark': require('./configs/commonmark')","};","","/**"," * The `StateCore` class manages state."," *"," * @param {Object} `instance` Remarkable instance"," * @param {String} `str` Markdown string"," * @param {Object} `env`"," */","","function StateCore(instance, str, env) {","  this.src = str;","  this.env = env;","  this.options = instance.options;","  this.tokens = [];","  this.inlineMode = false;","","  this.inline = instance.inline;","  this.block = instance.block;","  this.renderer = instance.renderer;","  this.typographer = instance.typographer;","}","","/**"," * The main `Remarkable` class. Create an instance of"," * `Remarkable` with a `preset` and/or `options`."," *"," * @param {String} `preset` If no preset is given, `default` is used."," * @param {Object} `options`"," */","","function Remarkable(preset, options) {","  if (typeof preset !== 'string') {","    options = preset;","    preset = 'default';","  }","","  this.inline   = new ParserInline();","  this.block    = new ParserBlock();","  this.core     = new ParserCore();","  this.renderer = new Renderer();","  this.ruler    = new Ruler();","","  this.options  = {};","  this.configure(config[preset]);","  this.set(options || {});","}","","/**"," * Set options as an alternative to passing them"," * to the constructor."," *"," * ```js"," * md.set({typographer: true});"," * ```"," * @param {Object} `options`"," * @api public"," */","","Remarkable.prototype.set = function (options) {","  assign(this.options, options);","};","","/**"," * Batch loader for components rules states, and options"," *"," * @param  {Object} `presets`"," */","","Remarkable.prototype.configure = function (presets) {","  var self = this;","","  if (!presets) { throw new Error('Wrong `remarkable` preset, check name/content'); }","  if (presets.options) { self.set(presets.options); }","  if (presets.components) {","    Object.keys(presets.components).forEach(function (name) {","      if (presets.components[name].rules) {","        self[name].ruler.enable(presets.components[name].rules, true);","      }","    });","  }","};","","/**"," * Use a plugin."," *"," * ```js"," * var md = new Remarkable();"," *"," * md.use(plugin1)"," *   .use(plugin2, opts)"," *   .use(plugin3);"," * ```"," *"," * @param  {Function} `plugin`"," * @param  {Object} `options`"," * @return {Object} `Remarkable` for chaining"," */","","Remarkable.prototype.use = function (plugin, options) {","  plugin(this, options);","  return this;","};","","","/**"," * Parse the input `string` and return a tokens array."," * Modifies `env` with definitions data."," *"," * @param  {String} `string`"," * @param  {Object} `env`"," * @return {Array} Array of tokens"," */","","Remarkable.prototype.parse = function (str, env) {","  var state = new StateCore(this, str, env);","  this.core.process(state);","  return state.tokens;","};","","/**"," * The main `.render()` method that does all the magic :)"," *"," * @param  {String} `string`"," * @param  {Object} `env`"," * @return {String} Rendered HTML."," */","","Remarkable.prototype.render = function (str, env) {","  env = env || {};","  return this.renderer.render(this.parse(str, env), this.options, env);","};","","/**"," * Parse the given content `string` as a single string."," *"," * @param  {String} `string`"," * @param  {Object} `env`"," * @return {Array} Array of tokens"," */","","Remarkable.prototype.parseInline = function (str, env) {","  var state = new StateCore(this, str, env);","  state.inlineMode = true;","  this.core.process(state);","  return state.tokens;","};","","/**"," * Render a single content `string`, without wrapping it"," * to paragraphs"," *"," * @param  {String} `str`"," * @param  {Object} `env`"," * @return {String}"," */","","Remarkable.prototype.renderInline = function (str, env) {","  env = env || {};","  return this.renderer.render(this.parseInline(str, env), this.options, env);","};","","/**"," * Expose `Remarkable`"," */","","module.exports = Remarkable;","","/**"," * Expose `utils`, Useful helper functions for custom"," * rendering."," */","","module.exports.utils = require('./common/utils');",""],"l":{"7":1,"8":1,"9":1,"10":1,"11":1,"12":1,"18":1,"32":1,"33":20,"34":20,"35":20,"36":20,"37":20,"39":20,"40":20,"41":20,"42":20,"53":1,"54":1,"55":1,"56":1,"59":1,"60":1,"61":1,"62":1,"63":1,"65":1,"66":1,"67":1,"81":1,"82":2,"91":1,"92":1,"94":1,"95":1,"96":1,"97":1,"98":3,"99":3,"121":1,"122":0,"123":0,"136":1,"137":20,"138":20,"139":20,"150":1,"151":20,"152":20,"163":1,"164":0,"165":0,"166":0,"167":0,"179":1,"180":0,"181":0,"188":1,"195":1}},"/home/travis/build/npmtest/node-npmtest-remarkable/node_modules/remarkable/lib/common/utils.js":{"path":"/home/travis/build/npmtest/node-npmtest-remarkable/node_modules/remarkable/lib/common/utils.js","s":{"1":1,"2":0,"3":1,"4":0,"5":1,"6":1,"7":1280,"8":1,"9":3,"10":3,"11":3,"12":0,"13":3,"14":0,"15":3,"16":76,"17":3,"18":1,"19":1,"20":7640,"21":7480,"22":160,"23":1,"24":140,"25":0,"26":140,"27":0,"28":140,"29":0,"30":140,"31":0,"32":140,"33":0,"34":140,"35":0,"36":140,"37":0,"38":140,"39":20,"40":120,"41":1,"42":140,"43":0,"44":0,"45":0,"46":140,"47":1,"48":1,"49":1,"50":1,"51":200,"52":200,"53":200,"54":0,"55":0,"56":0,"57":0,"58":0,"59":1,"60":8080,"61":7860,"62":220,"63":1,"64":1,"65":1,"66":1,"67":18660,"68":1,"69":97560,"70":3740,"71":93820,"72":1,"73":1,"74":1,"75":1,"76":1,"77":1,"78":1,"79":1},"b":{"1":[1280,0],"2":[0,3],"3":[0,3],"4":[7480,160],"5":[0,140],"6":[140,20],"7":[0,140],"8":[140,20],"9":[0,140],"10":[140,140],"11":[0,140],"12":[140,140],"13":[0,140],"14":[0,140],"15":[140,140],"16":[0,140],"17":[140,100],"18":[20,120],"19":[0,140],"20":[200,0],"21":[0,0],"22":[0,0],"23":[0,0],"24":[0,0],"25":[7860,220],"26":[3740,93820]},"f":{"1":0,"2":0,"3":1280,"4":3,"5":3,"6":76,"7":7640,"8":140,"9":140,"10":200,"11":8080,"12":18660,"13":97560},"fnMap":{"1":{"name":"typeOf","line":7,"loc":{"start":{"line":7,"column":0},"end":{"line":7,"column":21}}},"2":{"name":"isString","line":11,"loc":{"start":{"line":11,"column":0},"end":{"line":11,"column":23}}},"3":{"name":"has","line":17,"loc":{"start":{"line":17,"column":0},"end":{"line":17,"column":26}}},"4":{"name":"assign","line":25,"loc":{"start":{"line":25,"column":0},"end":{"line":25,"column":50}}},"5":{"name":"(anonymous_5)","line":28,"loc":{"start":{"line":28,"column":18},"end":{"line":28,"column":36}}},"6":{"name":"(anonymous_6)","line":35,"loc":{"start":{"line":35,"column":32},"end":{"line":35,"column":47}}},"7":{"name":"unescapeMd","line":47,"loc":{"start":{"line":47,"column":0},"end":{"line":47,"column":25}}},"8":{"name":"isValidEntityCode","line":54,"loc":{"start":{"line":54,"column":0},"end":{"line":54,"column":30}}},"9":{"name":"fromCodePoint","line":71,"loc":{"start":{"line":71,"column":0},"end":{"line":71,"column":26}}},"10":{"name":"replaceEntityPattern","line":87,"loc":{"start":{"line":87,"column":0},"end":{"line":87,"column":43}}},"11":{"name":"replaceEntities","line":104,"loc":{"start":{"line":104,"column":0},"end":{"line":104,"column":30}}},"12":{"name":"replaceUnsafeChar","line":121,"loc":{"start":{"line":121,"column":0},"end":{"line":121,"column":31}}},"13":{"name":"escapeHtml","line":125,"loc":{"start":{"line":125,"column":0},"end":{"line":125,"column":25}}}},"statementMap":{"1":{"start":{"line":7,"column":0},"end":{"line":9,"column":1}},"2":{"start":{"line":8,"column":2},"end":{"line":8,"column":45}},"3":{"start":{"line":11,"column":0},"end":{"line":13,"column":1}},"4":{"start":{"line":12,"column":2},"end":{"line":12,"column":43}},"5":{"start":{"line":15,"column":0},"end":{"line":15,"column":45}},"6":{"start":{"line":17,"column":0},"end":{"line":21,"column":1}},"7":{"start":{"line":18,"column":2},"end":{"line":20,"column":12}},"8":{"start":{"line":25,"column":0},"end":{"line":41,"column":1}},"9":{"start":{"line":26,"column":2},"end":{"line":26,"column":44}},"10":{"start":{"line":28,"column":2},"end":{"line":38,"column":5}},"11":{"start":{"line":29,"column":4},"end":{"line":29,"column":28}},"12":{"start":{"line":29,"column":19},"end":{"line":29,"column":26}},"13":{"start":{"line":31,"column":4},"end":{"line":33,"column":5}},"14":{"start":{"line":32,"column":6},"end":{"line":32,"column":53}},"15":{"start":{"line":35,"column":4},"end":{"line":37,"column":7}},"16":{"start":{"line":36,"column":6},"end":{"line":36,"column":29}},"17":{"start":{"line":40,"column":2},"end":{"line":40,"column":13}},"18":{"start":{"line":45,"column":0},"end":{"line":45,"column":66}},"19":{"start":{"line":47,"column":0},"end":{"line":50,"column":1}},"20":{"start":{"line":48,"column":2},"end":{"line":48,"column":44}},"21":{"start":{"line":48,"column":31},"end":{"line":48,"column":42}},"22":{"start":{"line":49,"column":2},"end":{"line":49,"column":43}},"23":{"start":{"line":54,"column":0},"end":{"line":69,"column":1}},"24":{"start":{"line":57,"column":2},"end":{"line":57,"column":51}},"25":{"start":{"line":57,"column":36},"end":{"line":57,"column":49}},"26":{"start":{"line":59,"column":2},"end":{"line":59,"column":51}},"27":{"start":{"line":59,"column":36},"end":{"line":59,"column":49}},"28":{"start":{"line":60,"column":2},"end":{"line":60,"column":75}},"29":{"start":{"line":60,"column":60},"end":{"line":60,"column":73}},"30":{"start":{"line":62,"column":2},"end":{"line":62,"column":47}},"31":{"start":{"line":62,"column":32},"end":{"line":62,"column":45}},"32":{"start":{"line":63,"column":2},"end":{"line":63,"column":35}},"33":{"start":{"line":63,"column":20},"end":{"line":63,"column":33}},"34":{"start":{"line":64,"column":2},"end":{"line":64,"column":47}},"35":{"start":{"line":64,"column":32},"end":{"line":64,"column":45}},"36":{"start":{"line":65,"column":2},"end":{"line":65,"column":47}},"37":{"start":{"line":65,"column":32},"end":{"line":65,"column":45}},"38":{"start":{"line":67,"column":2},"end":{"line":67,"column":37}},"39":{"start":{"line":67,"column":22},"end":{"line":67,"column":35}},"40":{"start":{"line":68,"column":2},"end":{"line":68,"column":14}},"41":{"start":{"line":71,"column":0},"end":{"line":81,"column":1}},"42":{"start":{"line":73,"column":2},"end":{"line":79,"column":3}},"43":{"start":{"line":74,"column":4},"end":{"line":74,"column":17}},"44":{"start":{"line":75,"column":4},"end":{"line":76,"column":42}},"45":{"start":{"line":78,"column":4},"end":{"line":78,"column":55}},"46":{"start":{"line":80,"column":2},"end":{"line":80,"column":32}},"47":{"start":{"line":83,"column":0},"end":{"line":83,"column":53}},"48":{"start":{"line":84,"column":0},"end":{"line":84,"column":66}},"49":{"start":{"line":85,"column":0},"end":{"line":85,"column":37}},"50":{"start":{"line":87,"column":0},"end":{"line":102,"column":1}},"51":{"start":{"line":88,"column":2},"end":{"line":88,"column":15}},"52":{"start":{"line":90,"column":2},"end":{"line":100,"column":3}},"53":{"start":{"line":91,"column":4},"end":{"line":91,"column":26}},"54":{"start":{"line":92,"column":9},"end":{"line":100,"column":3}},"55":{"start":{"line":93,"column":4},"end":{"line":96,"column":34}},"56":{"start":{"line":97,"column":4},"end":{"line":99,"column":5}},"57":{"start":{"line":98,"column":6},"end":{"line":98,"column":33}},"58":{"start":{"line":101,"column":2},"end":{"line":101,"column":15}},"59":{"start":{"line":104,"column":0},"end":{"line":108,"column":1}},"60":{"start":{"line":105,"column":2},"end":{"line":105,"column":43}},"61":{"start":{"line":105,"column":30},"end":{"line":105,"column":41}},"62":{"start":{"line":107,"column":2},"end":{"line":107,"column":60}},"63":{"start":{"line":112,"column":0},"end":{"line":112,"column":35}},"64":{"start":{"line":113,"column":0},"end":{"line":113,"column":39}},"65":{"start":{"line":114,"column":0},"end":{"line":119,"column":2}},"66":{"start":{"line":121,"column":0},"end":{"line":123,"column":1}},"67":{"start":{"line":122,"column":2},"end":{"line":122,"column":31}},"68":{"start":{"line":125,"column":0},"end":{"line":130,"column":1}},"69":{"start":{"line":126,"column":2},"end":{"line":128,"column":3}},"70":{"start":{"line":127,"column":4},"end":{"line":127,"column":66}},"71":{"start":{"line":129,"column":2},"end":{"line":129,"column":13}},"72":{"start":{"line":134,"column":0},"end":{"line":134,"column":35}},"73":{"start":{"line":135,"column":0},"end":{"line":135,"column":37}},"74":{"start":{"line":136,"column":0},"end":{"line":136,"column":32}},"75":{"start":{"line":137,"column":0},"end":{"line":137,"column":39}},"76":{"start":{"line":138,"column":0},"end":{"line":138,"column":46}},"77":{"start":{"line":139,"column":0},"end":{"line":139,"column":42}},"78":{"start":{"line":140,"column":0},"end":{"line":140,"column":44}},"79":{"start":{"line":141,"column":0},"end":{"line":141,"column":39}}},"branchMap":{"1":{"line":18,"type":"cond-expr","locations":[{"start":{"line":19,"column":6},"end":{"line":19,"column":30}},{"start":{"line":20,"column":6},"end":{"line":20,"column":11}}]},"2":{"line":29,"type":"if","locations":[{"start":{"line":29,"column":4},"end":{"line":29,"column":4}},{"start":{"line":29,"column":4},"end":{"line":29,"column":4}}]},"3":{"line":31,"type":"if","locations":[{"start":{"line":31,"column":4},"end":{"line":31,"column":4}},{"start":{"line":31,"column":4},"end":{"line":31,"column":4}}]},"4":{"line":48,"type":"if","locations":[{"start":{"line":48,"column":2},"end":{"line":48,"column":2}},{"start":{"line":48,"column":2},"end":{"line":48,"column":2}}]},"5":{"line":57,"type":"if","locations":[{"start":{"line":57,"column":2},"end":{"line":57,"column":2}},{"start":{"line":57,"column":2},"end":{"line":57,"column":2}}]},"6":{"line":57,"type":"binary-expr","locations":[{"start":{"line":57,"column":6},"end":{"line":57,"column":17}},{"start":{"line":57,"column":21},"end":{"line":57,"column":32}}]},"7":{"line":59,"type":"if","locations":[{"start":{"line":59,"column":2},"end":{"line":59,"column":2}},{"start":{"line":59,"column":2},"end":{"line":59,"column":2}}]},"8":{"line":59,"type":"binary-expr","locations":[{"start":{"line":59,"column":6},"end":{"line":59,"column":17}},{"start":{"line":59,"column":21},"end":{"line":59,"column":32}}]},"9":{"line":60,"type":"if","locations":[{"start":{"line":60,"column":2},"end":{"line":60,"column":2}},{"start":{"line":60,"column":2},"end":{"line":60,"column":2}}]},"10":{"line":60,"type":"binary-expr","locations":[{"start":{"line":60,"column":6},"end":{"line":60,"column":29}},{"start":{"line":60,"column":33},"end":{"line":60,"column":56}}]},"11":{"line":62,"type":"if","locations":[{"start":{"line":62,"column":2},"end":{"line":62,"column":2}},{"start":{"line":62,"column":2},"end":{"line":62,"column":2}}]},"12":{"line":62,"type":"binary-expr","locations":[{"start":{"line":62,"column":6},"end":{"line":62,"column":15}},{"start":{"line":62,"column":19},"end":{"line":62,"column":28}}]},"13":{"line":63,"type":"if","locations":[{"start":{"line":63,"column":2},"end":{"line":63,"column":2}},{"start":{"line":63,"column":2},"end":{"line":63,"column":2}}]},"14":{"line":64,"type":"if","locations":[{"start":{"line":64,"column":2},"end":{"line":64,"column":2}},{"start":{"line":64,"column":2},"end":{"line":64,"column":2}}]},"15":{"line":64,"type":"binary-expr","locations":[{"start":{"line":64,"column":6},"end":{"line":64,"column":15}},{"start":{"line":64,"column":19},"end":{"line":64,"column":28}}]},"16":{"line":65,"type":"if","locations":[{"start":{"line":65,"column":2},"end":{"line":65,"column":2}},{"start":{"line":65,"column":2},"end":{"line":65,"column":2}}]},"17":{"line":65,"type":"binary-expr","locations":[{"start":{"line":65,"column":6},"end":{"line":65,"column":15}},{"start":{"line":65,"column":19},"end":{"line":65,"column":28}}]},"18":{"line":67,"type":"if","locations":[{"start":{"line":67,"column":2},"end":{"line":67,"column":2}},{"start":{"line":67,"column":2},"end":{"line":67,"column":2}}]},"19":{"line":73,"type":"if","locations":[{"start":{"line":73,"column":2},"end":{"line":73,"column":2}},{"start":{"line":73,"column":2},"end":{"line":73,"column":2}}]},"20":{"line":90,"type":"if","locations":[{"start":{"line":90,"column":2},"end":{"line":90,"column":2}},{"start":{"line":90,"column":2},"end":{"line":90,"column":2}}]},"21":{"line":92,"type":"if","locations":[{"start":{"line":92,"column":9},"end":{"line":92,"column":9}},{"start":{"line":92,"column":9},"end":{"line":92,"column":9}}]},"22":{"line":92,"type":"binary-expr","locations":[{"start":{"line":92,"column":13},"end":{"line":92,"column":40}},{"start":{"line":92,"column":51},"end":{"line":92,"column":84}}]},"23":{"line":93,"type":"cond-expr","locations":[{"start":{"line":94,"column":6},"end":{"line":94,"column":33}},{"start":{"line":96,"column":6},"end":{"line":96,"column":33}}]},"24":{"line":97,"type":"if","locations":[{"start":{"line":97,"column":4},"end":{"line":97,"column":4}},{"start":{"line":97,"column":4},"end":{"line":97,"column":4}}]},"25":{"line":105,"type":"if","locations":[{"start":{"line":105,"column":2},"end":{"line":105,"column":2}},{"start":{"line":105,"column":2},"end":{"line":105,"column":2}}]},"26":{"line":126,"type":"if","locations":[{"start":{"line":126,"column":2},"end":{"line":126,"column":2}},{"start":{"line":126,"column":2},"end":{"line":126,"column":2}}]}},"code":["'use strict';","","/**"," * Utility functions"," */","","function typeOf(obj) {","  return Object.prototype.toString.call(obj);","}","","function isString(obj) {","  return typeOf(obj) === '[object String]';","}","","var hasOwn = Object.prototype.hasOwnProperty;","","function has(object, key) {","  return object","    ? hasOwn.call(object, key)","    : false;","}","","// Extend objects","//","function assign(obj /*from1, from2, from3, ...*/) {","  var sources = [].slice.call(arguments, 1);","","  sources.forEach(function (source) {","    if (!source) { return; }","","    if (typeof source !== 'object') {","      throw new TypeError(source + 'must be object');","    }","","    Object.keys(source).forEach(function (key) {","      obj[key] = source[key];","    });","  });","","  return obj;","}","","////////////////////////////////////////////////////////////////////////////////","","var UNESCAPE_MD_RE = /\\\\([\\\\!\"#$%&'()*+,.\\/:;<=>?@[\\]^_`{|}~-])/g;","","function unescapeMd(str) {","  if (str.indexOf('\\\\') < 0) { return str; }","  return str.replace(UNESCAPE_MD_RE, '$1');","}","","////////////////////////////////////////////////////////////////////////////////","","function isValidEntityCode(c) {","  /*eslint no-bitwise:0*/","  // broken sequence","  if (c >= 0xD800 && c <= 0xDFFF) { return false; }","  // never used","  if (c >= 0xFDD0 && c <= 0xFDEF) { return false; }","  if ((c & 0xFFFF) === 0xFFFF || (c & 0xFFFF) === 0xFFFE) { return false; }","  // control codes","  if (c >= 0x00 && c <= 0x08) { return false; }","  if (c === 0x0B) { return false; }","  if (c >= 0x0E && c <= 0x1F) { return false; }","  if (c >= 0x7F && c <= 0x9F) { return false; }","  // out of range","  if (c > 0x10FFFF) { return false; }","  return true;","}","","function fromCodePoint(c) {","  /*eslint no-bitwise:0*/","  if (c > 0xffff) {","    c -= 0x10000;","    var surrogate1 = 0xd800 + (c >> 10),","        surrogate2 = 0xdc00 + (c & 0x3ff);","","    return String.fromCharCode(surrogate1, surrogate2);","  }","  return String.fromCharCode(c);","}","","var NAMED_ENTITY_RE   = /&([a-z#][a-z0-9]{1,31});/gi;","var DIGITAL_ENTITY_TEST_RE = /^#((?:x[a-f0-9]{1,8}|[0-9]{1,8}))/i;","var entities = require('./entities');","","function replaceEntityPattern(match, name) {","  var code = 0;","","  if (has(entities, name)) {","    return entities[name];","  } else if (name.charCodeAt(0) === 0x23/* # */ && DIGITAL_ENTITY_TEST_RE.test(name)) {","    code = name[1].toLowerCase() === 'x' ?","      parseInt(name.slice(2), 16)","    :","      parseInt(name.slice(1), 10);","    if (isValidEntityCode(code)) {","      return fromCodePoint(code);","    }","  }","  return match;","}","","function replaceEntities(str) {","  if (str.indexOf('&') < 0) { return str; }","","  return str.replace(NAMED_ENTITY_RE, replaceEntityPattern);","}","","////////////////////////////////////////////////////////////////////////////////","","var HTML_ESCAPE_TEST_RE = /[&<>\"]/;","var HTML_ESCAPE_REPLACE_RE = /[&<>\"]/g;","var HTML_REPLACEMENTS = {","  '&': '&amp;',","  '<': '&lt;',","  '>': '&gt;',","  '\"': '&quot;'","};","","function replaceUnsafeChar(ch) {","  return HTML_REPLACEMENTS[ch];","}","","function escapeHtml(str) {","  if (HTML_ESCAPE_TEST_RE.test(str)) {","    return str.replace(HTML_ESCAPE_REPLACE_RE, replaceUnsafeChar);","  }","  return str;","}","","////////////////////////////////////////////////////////////////////////////////","","exports.assign            = assign;","exports.isString          = isString;","exports.has               = has;","exports.unescapeMd        = unescapeMd;","exports.isValidEntityCode = isValidEntityCode;","exports.fromCodePoint     = fromCodePoint;","exports.replaceEntities   = replaceEntities;","exports.escapeHtml        = escapeHtml;",""],"l":{"7":1,"8":0,"11":1,"12":0,"15":1,"17":1,"18":1280,"25":1,"26":3,"28":3,"29":3,"31":3,"32":0,"35":3,"36":76,"40":3,"45":1,"47":1,"48":7640,"49":160,"54":1,"57":140,"59":140,"60":140,"62":140,"63":140,"64":140,"65":140,"67":140,"68":120,"71":1,"73":140,"74":0,"75":0,"78":0,"80":140,"83":1,"84":1,"85":1,"87":1,"88":200,"90":200,"91":200,"92":0,"93":0,"97":0,"98":0,"101":0,"104":1,"105":8080,"107":220,"112":1,"113":1,"114":1,"121":1,"122":18660,"125":1,"126":97560,"127":3740,"129":93820,"134":1,"135":1,"136":1,"137":1,"138":1,"139":1,"140":1,"141":1}},"/home/travis/build/npmtest/node-npmtest-remarkable/node_modul
[...]
15":1,"16":0,"17":0,"18":0,"19":0,"20":0,"21":0,"22":0,"23":0,"24":0,"25":0,"26":0,"27":0,"28":0,"29":0},"b":{"1":[1,0],"2":[0,0],"3":[0,0],"4":[0,0,0],"5":[0,0,0]},"f":{"1":1,"2":0,"3":0,"4":0},"fnMap":{"1":{"name":"readFile","line":29,"loc":{"start":{"line":29,"column":0},"end":{"line":29,"column":48}}},"2":{"name":"(anonymous_2)","line":34,"loc":{"start":{"line":34,"column":29},"end":{"line":34,"column":45}}},"3":{"name":"(anonymous_3)","line":38,"loc":{"start":{"line":38,"column":28},"end":{"line":38,"column":39}}},"4":{"name":"(anonymous_4)","line":49,"loc":{"start":{"line":49,"column":31},"end":{"line":49,"column":53}}}},"statementMap":{"1":{"start":{"line":7,"column":0},"end":{"line":7,"column":23}},"2":{"start":{"line":8,"column":0},"end":{"line":8,"column":35}},"3":{"start":{"line":10,"column":0},"end":{"line":10,"column":31}},"4":{"start":{"line":14,"column":0},"end":{"line":18,"column":3}},"5":{"start":{"line":20,"column":0},"end":{"line":24,"column":3}},"6":{"start":{"line":26,"column":0},"end":{"line":26,"column":30}},"7":{"start":{"line":29,"column":0},"end":{"line":44,"column":1}},"8":{"start":{"line":30,"column":2},"end":{"line":43,"column":3}},"9":{"start":{"line":31,"column":4},"end":{"line":31,"column":20}},"10":{"start":{"line":34,"column":4},"end":{"line":36,"column":7}},"11":{"start":{"line":35,"column":6},"end":{"line":35,"column":25}},"12":{"start":{"line":38,"column":4},"end":{"line":40,"column":7}},"13":{"start":{"line":39,"column":6},"end":{"line":39,"column":70}},"14":{"start":{"line":42,"column":4},"end":{"line":42,"column":46}},"15":{"start":{"line":49,"column":0},"end":{"line":78,"column":3}},"16":{"start":{"line":50,"column":2},"end":{"line":50,"column":17}},"17":{"start":{"line":52,"column":2},"end":{"line":60,"column":3}},"18":{"start":{"line":53,"column":4},"end":{"line":56,"column":5}},"19":{"start":{"line":54,"column":6},"end":{"line":54,"column":55}},"20":{"start":{"line":55,"column":6},"end":{"line":55,"column":22}},"21":{"start":{"line":58,"column":4},"end":{"line":58,"column":59}},"22":{"start":{"line":59,"column":4},"end":{"line":59,"column":20}},"23":{"start":{"line":62,"column":2},"end":{"line":67,"column":5}},"24":{"start":{"line":69,"column":2},"end":{"line":74,"column":3}},"25":{"start":{"line":70,"column":4},"end":{"line":70,"column":30}},"26":{"start":{"line":72,"column":4},"end":{"line":72,"column":53}},"27":{"start":{"line":73,"column":4},"end":{"line":73,"column":20}},"28":{"start":{"line":76,"column":2},"end":{"line":76,"column":31}},"29":{"start":{"line":77,"column":2},"end":{"line":77,"column":18}}},"branchMap":{"1":{"line":30,"type":"if","locations":[{"start":{"line":30,"column":2},"end":{"line":30,"column":2}},{"start":{"line":30,"column":2},"end":{"line":30,"column":2}}]},"2":{"line":52,"type":"if","locations":[{"start":{"line":52,"column":2},"end":{"line":52,"column":2}},{"start":{"line":52,"column":2},"end":{"line":52,"column":2}}]},"3":{"line":53,"type":"if","locations":[{"start":{"line":53,"column":4},"end":{"line":53,"column":4}},{"start":{"line":53,"column":4},"end":{"line":53,"column":4}}]},"4":{"line":58,"type":"binary-expr","locations":[{"start":{"line":58,"column":18},"end":{"line":58,"column":27}},{"start":{"line":58,"column":31},"end":{"line":58,"column":42}},{"start":{"line":58,"column":46},"end":{"line":58,"column":57}}]},"5":{"line":72,"type":"binary-expr","locations":[{"start":{"line":72,"column":18},"end":{"line":72,"column":25}},{"start":{"line":72,"column":29},"end":{"line":72,"column":38}},{"start":{"line":72,"column":42},"end":{"line":72,"column":51}}]}},"code":["//#!/usr/bin/env node","/*eslint no-console:0*/","","'use strict';","","","var fs = require('fs');","var argparse = require('argparse');","","var Remarkable = require('..');","","////////////////////////////////////////////////////////////////////////////////","","var cli = new argparse.ArgumentParser({","  prog: 'remarkable',","  version: require('../package.json').version,","  addHelp: true","});","","cli.addArgument([ 'file' ], {","  help: 'File to read',","  nargs: '?',","  defaultValue: '-'","});","","var options = cli.parseArgs();","","","function readFile(filename, encoding, callback) {","  if (options.file === '-') {","    var chunks = [];","","    // read from stdin","    process.stdin.on('data', function(chunk) {","      chunks.push(chunk);","    });","","    process.stdin.on('end', function() {","      return callback(null, Buffer.concat(chunks).toString(encoding));","    });","  } else {","    fs.readFile(filename, encoding, callback);","  }","}","","","////////////////////////////////////////////////////////////////////////////////","","readFile(options.file, 'utf8', function (err, input) {","  var output, md;","","  if (err) {","    if (err.code === 'ENOENT') {","      console.error('File not found: ' + options.file);","      process.exit(2);","    }","","    console.error(err.stack || err.message || String(err));","    process.exit(1);","  }","","  md = new Remarkable('full', {","    html: true,","    xhtmlOut: true,","    typographer: true,","    linkify: true","  });","","  try {","    output = md.render(input);","  } catch (e) {","    console.error(e.stack || e.message || String(e));","    process.exit(1);","  }","","  process.stdout.write(output);","  process.exit(0);","});",""],"l":{"7":1,"8":1,"10":1,"14":1,"20":1,"26":1,"29":1,"30":1,"31":1,"34":1,"35":0,"38":1,"39":0,"42":0,"49":1,"50":0,"52":0,"53":0,"54":0,"55":0,"58":0,"59":0,"62":0,"69":0,"70":0,"72":0,"73":0,"76":0,"77":0}},"/home/travis/build/npmtest/node-npmtest-remarkable/node_modules/remarkable/support/demodata.js":{"path":"/home/travis/build/npmtest/node-npmtest-remarkable/node_modules/remarkable/support/demodata.js","s":{"1":1,"2":1,"3":1},"b":{},"f":{},"fnMap":{},"statementMap":{"1":{"start":{"line":7,"column":0},"end":{"line":7,"column":25}},"2":{"start":{"line":8,"column":0},"end":{"line":8,"column":27}},"3":{"start":{"line":10,"column":0},"end":{"line":17,"column":13}}},"branchMap":{},"code":["//#!/usr/bin/env node","","// Build demo data for embedding into html","","/*eslint no-console:0*/","","var fs   = require('fs');","var path = require('path');","","console.log(JSON.stringify({","  self: {","    demo: {","      code:   fs.readFileSync(path.join(__dirname, '../demo/example.js'), 'utf8'),","      source: fs.readFileSync(path.join(__dirname, '../demo/example.md'), 'utf8')","    }","  }","}, null, 2));",""],"l":{"7":1,"8":1,"10":1}},"/home/travis/build/npmtest/node-npmtest-remarkable/node_modules/remarkable/support/entities.js":{"path":"/home/travis/build/npmtest/node-npmtest-remarkable/node_modules/remarkable/support/entities.js","s":{"1":1,"2":1,"3":2351,"4":2351,"5":686,"6":2351,"7":1,"8":2125,"9":2125,"10":226,"11":2125,"12":1,"13":1,"14":1,"15":8,"16":1,"17":1,"18":1,"19":1,"20":2231,"21":106,"22":2125,"23":1,"24":1,"25":2125,"26":1},"b":{"1":[226,1899],"2":[106,2125]},"f":{"1":2351,"2":2125,"3":1,"4":8,"5":1,"6":2231,"7":2125},"fnMap":{"1":{"name":"codeToUni","line":11,"loc":{"start":{"line":11,"column":0},"end":{"line":11,"column":25}}},"2":{"name":"strToUni","line":17,"loc":{"start":{"line":17,"column":0},"end":{"line":17,"column":23}}},"3":{"name":"(anonymous_3)","line":25,"loc":{"start":{"line":25,"column":53},"end":{"line":25,"column":68}}},"4":{"name":"(anonymous_4)","line":27,"loc":{"start":{"line":27,"column":17},"end":{"line":27,"column":33}}},"5":{"name":"(anonymous_5)","line":30,"loc":{"start":{"line":30,"column":16},"end":{"line":30,"column":27}}},"6":{"name":"(anonymous_6)","line":34,"loc":{"start":{"line":34,"column":34},"end":{"line":34,"column":52}}},"7":{"name":"(anonymous_7)","line":43,"loc":{"start":{"line":43,"column":29},"end":{"line":43,"column":44}}}},"statementMap":{"1":{"start":{"line":9,"column":0},"end":{"line":9,"column":27}},"2":{"start":{"line":11,"column":0},"end":{"line":15,"column":1}},"3":{"start":{"line":12,"column":2},"end":{"line":12,"column":47}},"4":{"start":{"line":13,"column":2},"end":{"line":13,"column":54}},"5":{"start":{"line":13,"column":30},"end":{"line":13,"column":52}},"6":{"start":{"line":14,"column":2},"end":{"line":14,"column":24}},"7":{"start":{"line":17,"column":0},"end":{"line":23,"column":1}},"8":{"start":{"line":18,"column":2},"end":{"line":18,"column":44}},"9":{"start":{"line":19,"column":2},"end":{"line":21,"column":3}},"10":{"start":{"line":20,"column":4},"end":{"line":20,"column":43}},"11":{"start":{"line":22,"column":2},"end":{"line":22,"column":16}},"12":{"start":{"line":25,"column":0},"end":{"line":49,"column":3}},"13":{"start":{"line":26,"column":2},"end":{"line":26,"column":16}},"14":{"start":{"line":27,"column":2},"end":{"line":29,"column":5}},"15":{"start":{"line":28,"column":4},"end":{"line":28,"column":18}},"16":{"start":{"line":30,"column":2},"end":{"line":48,"column":5}},"17":{"start":{"line":31,"column":4},"end":{"line":31,"column":36}},"18":{"start":{"line":32,"column":4},"end":{"line":32,"column":17}},"19":{"start":{"line":34,"column":4},"end":{"line":39,"column":7}},"20":{"start":{"line":36,"column":6},"end":{"line":36,"column":56}},"21":{"start":{"line":36,"column":47},"end":{"line":36,"column":54}},"22":{"start":{"line":38,"column":6},"end":{"line":38,"column":71}},"23":{"start":{"line":41,"column":4},"end":{"line":41,"column":20}},"24":{"start":{"line":43,"column":4},"end":{"line":45,"column":7}},"25":{"start":{"line":44,"column":6},"end":{"line":44,"column":57}},"26":{"start":{"line":47,"column":4},"end":{"line":47,"column":52}}},"branchMap":{"1":{"line":19,"type":"if","locations":[{"start":{"line":19,"column":2},"end":{"line":19,"column":2}},{"start":{"line":19,"column":2},"end":{"line":19,"column":2}}]},"2":{"line":36,"type":"if","locations":[{"start":{"line":36,"column":6},"end":{"line":36,"column":6}},{"start":{"line":36,"column":6},"end":{"line":36,"column":6}}]}},"code":["//#!/usr/bin/env node","","'use strict';","//","// Markdown entities generator (from html5 entities)","//","","/*eslint no-console:0*/","var http = require('http');","","function codeToUni(code) {","  var result = code.toString(16).toUpperCase();","  while (result.length < 4) { result = '0' + result; }","  return '\\\\u' + result;","}","","function strToUni(str) {","  var result = codeToUni(str.charCodeAt(0));","  if (str.length > 1) {","    result += codeToUni(str.charCodeAt(1));","  }","  return result;","}","","http.get('http://www.w3.org/TR/html5/entities.json', function (res) {","  var body = '';","  res.on('data', function(chunk) {","    body += chunk;","  });","  res.on('end', function() {","    var entities = JSON.parse(body);","    var out = {};","","    Object.keys(entities).forEach(function (entity) {","      // Skip legacy - not allosed in markdown","      if (entity[entity.length - 1] !== ';') { return; }","","      out[entity.slice(1, -1)] = strToUni(entities[entity].characters);","    });","","    var result = [];","","    Object.keys(out).forEach(function (key) {","      result.push('  \"' + key + '\": \"' + out[key] + '\"');","    });","","    console.log('{\\n' + result.join(',\\n') + '\\n}');","  });","});",""],"l":{"9":1,"11":1,"12":2351,"13":2351,"14":2351,"17":1,"18":2125,"19":2125,"20":226,"22":2125,"25":1,"26":1,"27":1,"28":8,"30":1,"31":1,"32":1,"34":1,"36":2231,"38":2125,"41":1,"43":1,"44":2125,"47":1}},"/home/travis/build/npmtest/node-npmtest-remarkable/node_modules/remarkable/support/specsplit.js":{"path":"/home/travis/build/npmtest/node-npmtest-remarkable/node_modules/remarkable/support/specsplit.js","s":{"1":2,"2":2,"3":2,"4":2,"5":2,"6":2,"7":2,"8":2,"9":1,"10":2,"11":0,"12":0,"13":0,"14":0,"15":0,"16":2,"17":2,"18":0,"19":0,"20":0,"21":0,"22":0,"23":0,"24":0,"25":0,"26":0,"27":0,"28":0,"29":0,"30":0,"31":0,"32":0,"33":0,"34":0,"35":0,"36":0,"37":0,"38":0,"39":0,"40":0,"41":0},"b":{"1":[0,2],"2":[0,0],"3":[0,0],"4":[0,0,0],"5":[0,0],"6":[0,0],"7":[0,0],"8":[0,0]},"f":{"1":2,"2":0,"3":0,"4":0,"5":0,"6":0},"fnMap":{"1":{"name":"readFile","line":37,"loc":{"start":{"line":37,"column":0},"end":{"line":37,"column":48}}},"2":{"name":"(anonymous_2)","line":43,"loc":{"start":{"line":43,"column":29},"end":{"line":43,"column":45}}},"3":{"name":"(anonymous_3)","line":47,"loc":{"start":{"line":47,"column":28},"end":{"line":47,"column":39}}},"4":{"name":"(anonymous_4)","line":58,"loc":{"start":{"line":58,"column":31},"end":{"line":58,"column":55}}},"5":{"name":"(anonymous_5)","line":74,"loc":{"start":{"line":74,"column":56},"end":{"line":74,"column":93}}},"6":{"name":"(anonymous_6)","line":100,"loc":{"start":{"line":100,"column":17},"end":{"line":100,"column":35}}}},"statementMap":{"1":{"start":{"line":10,"column":0},"end":{"line":10,"column":30}},"2":{"start":{"line":11,"column":0},"end":{"line":11,"column":32}},"3":{"start":{"line":12,"column":0},"end":{"line":12,"column":36}},"4":{"start":{"line":14,"column":0},"end":{"line":14,"column":31}},"5":{"start":{"line":17,"column":0},"end":{"line":21,"column":3}},"6":{"start":{"line":23,"column":0},"end":{"line":27,"column":3}},"7":{"start":{"line":29,"column":0},"end":{"line":31,"column":3}},"8":{"start":{"line":33,"column":0},"end":{"line":33,"column":30}},"9":{"start":{"line":37,"column":0},"end":{"line":53,"column":1}},"10":{"start":{"line":38,"column":2},"end":{"line":52,"column":3}},"11":{"start":{"line":41,"column":4},"end":{"line":41,"column":20}},"12":{"start":{"line":43,"column":4},"end":{"line":45,"column":7}},"13":{"start":{"line":44,"column":6},"end":{"line":44,"column":25}},"14":{"start":{"line":47,"column":4},"end":{"line":49,"column":7}},"15":{"start":{"line":48,"column":6},"end":{"line":48,"column":70}},"16":{"start":{"line":51,"column":4},"end":{"line":51,"column":46}},"17":{"start":{"line":58,"column":0},"end":{"line":112,"column":3}},"18":{"start":{"line":59,"column":2},"end":{"line":60,"column":46}},"19":{"start":{"line":62,"column":2},"end":{"line":70,"column":3}},"20":{"start":{"line":63,"column":4},"end":{"line":66,"column":5}},"21":{"start":{"line":64,"column":6},"end":{"line":64,"column":62}},"22":{"start":{"line":65,"column":6},"end":{"line":65,"column":22}},"23":{"start":{"line":68,"column":4},"end":{"line":68,"column":72}},"24":{"start":{"line":69,"column":4},"end":{"line":69,"column":20}},"25":{"start":{"line":72,"column":2},"end":{"line":72,"column":36}},"26":{"start":{"line":74,"column":2},"end":{"line":93,"column":5}},"27":{"start":{"line":76,"column":4},"end":{"line":81,"column":6}},"28":{"start":{"line":83,"column":4},"end":{"line":92,"column":5}},"29":{"start":{"line":84,"column":6},"end":{"line":89,"column":7}},"30":{"start":{"line":85,"column":8},"end":{"line":85,"column":26}},"31":{"start":{"line":87,"column":8},"end":{"line":87,"column":41}},"32":{"start":{"line":88,"column":8},"end":{"line":88,"column":25}},"33":{"start":{"line":91,"column":6},"end":{"line":91,"column":23}},"34":{"start":{"line":95,"column":2},"end":{"line":109,"column":3}},"35":{"start":{"line":96,"column":4},"end":{"line":96,"column":98}},"36":{"start":{"line":98,"column":4},"end":{"line":98,"column":52}},"37":{"start":{"line":100,"column":4},"end":{"line":108,"column":7}},"38":{"start":{"line":101,"column":6},"end":{"line":104,"column":46}},"39":{"start":{"line":105,"column":6},"end":{"line":107,"column":7}},"40":{"start":{"line":106,"column":8},"end":{"line":106,"column":63}},"41":{"start":{"line":111,"column":2},"end":{"line":111,"column":18}}},"branchMap":{"1":{"line":38,"type":"if","locations":[{"start":{"line":38,"column":2},"end":{"line":38,"column":2}},{"start":{"line":38,"column":2},"end":{"line":38,"column":2}}]},"2":{"line":62,"type":"if","locations":[{"start":{"line":62,"column":2},"end":{"line":62,"column":2}},{"start":{"line":62,"column":2},"end":{"line":62,"column":2}}]},"3":{"line":63,"type":"if","locations":[{"start":{"line":63,"column":4},"end":{"line":63,"column":4}},{"start":{"line":63,"column":4},"end":{"line":63,"column":4}}]},"4":{"line":68,"type":"binary-expr","locations":[{"start":{"line":68,"column":25},"end":{"line":68,"column":36}},{"start":{"line":68,"column":40},"end":{"line":68,"column":53}},{"start":{"line":68,"column":57},"end":{"line":68,"column":70}}]},"5":{"line":84,"type":"if","locations":[{"start":{"line":84,"column":6},"end":{"line":84,"column":6}},{"start":{"line":84,"column":6},"end":{"line":84,"column":6}}]},"6":{"line":95,"type":"if","locations":[{"start":{"line":95,"column":2},"end":{"line":95,"column":2}},{"start":{"line":95,"column":2},"end":{"line":95,"column":2}}]},"7":{"line":98,"type":"cond-expr","locations":[{"start":{"line":98,"column":41},"end":{"line":98,"column":45}},{"start":{"line":98,"column":48},"end":{"line":98,"column":51}}]},"8":{"line":105,"type":"if","locations":[{"start":{"line":105,"column":6},"end":{"line":105,"column":6}},{"start":{"line":105,"column":6},"end":{"line":105,"column":6}}]}},"code":["//#!/usr/bin/env node","/*eslint no-console:0*/","","// Fixtures generator from commonmark specs. Split spec to working / not working","// examples, or show total stat.","","'use strict';","","","var fs        = require('fs');","var util      = require('util');","var argparse  = require('argparse');","","var Remarkable = require('..');","","","var cli = new argparse.ArgumentParser({","  prog: 'specsplit',","  version: require('../package.json').version,","  addHelp: true","});","","cli.addArgument([ 'type' ], {","  help: 'type of examples to filter',","  nargs: '?',","  choices: [ 'good', 'bad' ]","});","","cli.addArgument([ 'spec' ], {","  help: 'spec file to read'","});","","var options = cli.parseArgs();","","////////////////////////////////////////////////////////////////////////////////","","function readFile(filename, encoding, callback) {","  if (options.file === '-') {","    // read from stdin","","    var chunks = [];","","    process.stdin.on('data', function(chunk) {","      chunks.push(chunk);","    });","","    process.stdin.on('end', function() {","      return callback(null, Buffer.concat(chunks).toString(encoding));","    });","  } else {","    fs.readFile(filename, encoding, callback);","  }","}","","","////////////////////////////////////////////////////////////////////////////////","","readFile(options.spec, 'utf8', function (error, input) {","  var good = [], bad = [],","      markdown = new Remarkable('commonmark');","","  if (error) {","    if (error.code === 'ENOENT') {","      process.stderr.write('File not found: ' + options.spec);","      process.exit(2);","    }","","    process.stderr.write(error.stack || error.message || String(error));","    process.exit(1);","  }","","  input = input.replace(/→/g, '\\t');","","  input.replace(/^\\.\\n([\\s\\S]*?)^\\.\\n([\\s\\S]*?)^\\.$/gm, function(__, md, html, offset, orig) {","","    var result = {","      md: md,","      html: html,","      line: orig.slice(0, offset).split(/\\r?\\n/g).length,","      err: ''","    };","","    try {","      if (markdown.render(md) === html) {","        good.push(result);","      } else {","        result.err = markdown.render(md);","        bad.push(result);","      }","    } catch (___) {","      bad.push(result);","    }","  });","","  if (!options.type) {","    console.log(util.format('passed samples - %s, failed samples - %s', good.length, bad.length));","  } else {","    var data = options.type === 'good' ? good : bad;","","    data.forEach(function (sample) {","      console.log(util.format(","        '~~~~~~~~~~~~~~~~~~~~~~~~~~~~~~~~~~~~~~~~~~\\n' +","        'src line: %s\\n\\n.\\n%s.\\n%s.\\n',","        sample.line, sample.md, sample.html));","      if (sample.err) {","        console.log(util.format('error:\\n\\n%s\\n', sample.err));","      }","    });","  }","","  process.exit(0);","});",""],"l":{"10":2,"11":2,"12":2,"14":2,"17":2,"23":2,"29":2,"33":2,"37":1,"38":2,"41":0,"43":0,"44":0,"47":0,"48":0,"51":2,"58":2,"59":0,"62":0,"63":0,"64":0,"65":0,"68":0,"69":0,"72":0,"74":0,"76":0,"83":0,"84":0,"85":0,"87":0,"88":0,"91":0,"95":0,"96":0,"98":0,"100":0,"101":0,"105":0,"106":0,"111":0}}}